Replace Part A? 7808 in F:\Documents\Diplom\RemoteFeeling\Pakage_lib.SchLib with 7808 from Pakage_lib.SchLib
Replace Part * AMS1117 in F:\Documents\Diplom\RemoteFeeling\Pakage_lib.SchLib with AMS1117 from Pakage_lib.SchLib
Replace Part C? Cap in F:\Documents\Diplom\RemoteFeeling\Pakage_lib.SchLib with Cap from Pakage_lib.SchLib
Replace Part C? Cap+ in F:\Documents\Diplom\RemoteFeeling\Pakage_lib.SchLib with Cap+ from Pakage_lib.SchLib
Replace Part C? Cap_multi in F:\Documents\Diplom\RemoteFeeling\Pakage_lib.SchLib with Cap_multi from Pakage_lib.SchLib
Replace Part C? Cap_var in F:\Documents\Diplom\RemoteFeeling\Pakage_lib.SchLib with Cap_var from Pakage_lib.SchLib
Replace Part * CH340C in F:\Documents\Diplom\RemoteFeeling\Pakage_lib.SchLib with CH340C from Pakage_lib.SchLib
Replace Part X? Conector in F:\Documents\Diplom\RemoteFeeling\Pakage_lib.SchLib with Conector from Pakage_lib.SchLib
Replace Part L Ibductor 4 in F:\Documents\Diplom\RemoteFeeling\Pakage_lib.SchLib with Ibductor 4 from Pakage_lib.SchLib
Replace Part L INDUCROR in F:\Documents\Diplom\RemoteFeeling\Pakage_lib.SchLib with INDUCROR from Pakage_lib.SchLib
Replace Part L? inductor1 in F:\Documents\Diplom\RemoteFeeling\Pakage_lib.SchLib with inductor1 from Pakage_lib.SchLib
Replace Part T? Inductor2 in F:\Documents\Diplom\RemoteFeeling\Pakage_lib.SchLib with Inductor2 from Pakage_lib.SchLib
Replace Part L? Inductor3 in F:\Documents\Diplom\RemoteFeeling\Pakage_lib.SchLib with Inductor3 from Pakage_lib.SchLib
Replace Part L Inductor5 in F:\Documents\Diplom\RemoteFeeling\Pakage_lib.SchLib with Inductor5 from Pakage_lib.SchLib
Replace Part S? Key in F:\Documents\Diplom\RemoteFeeling\Pakage_lib.SchLib with Key from Pakage_lib.SchLib
Replace Part H? Lamp in F:\Documents\Diplom\RemoteFeeling\Pakage_lib.SchLib with Lamp from Pakage_lib.SchLib
Replace Part VD? Led in F:\Documents\Diplom\RemoteFeeling\Pakage_lib.SchLib with Led from Pakage_lib.SchLib
Replace Part * LI-po in F:\Documents\Diplom\RemoteFeeling\Pakage_lib.SchLib with LI-po from Pakage_lib.SchLib
Replace Part * li-po power TP5100 in F:\Documents\Diplom\RemoteFeeling\Pakage_lib.SchLib with li-po power TP5100 from Pakage_lib.SchLib
Replace Part VT? npn in F:\Documents\Diplom\RemoteFeeling\Pakage_lib.SchLib with npn from Pakage_lib.SchLib
Replace Part VT? pnp in F:\Documents\Diplom\RemoteFeeling\Pakage_lib.SchLib with pnp from Pakage_lib.SchLib
Replace Part Q? PzHz in F:\Documents\Diplom\RemoteFeeling\Pakage_lib.SchLib with PzHz from Pakage_lib.SchLib
Replace Part R? res in F:\Documents\Diplom\RemoteFeeling\Pakage_lib.SchLib with res from Pakage_lib.SchLib
Replace Part R? Res// in F:\Documents\Diplom\RemoteFeeling\Pakage_lib.SchLib with Res// from Pakage_lib.SchLib
Replace Part VD? Schottky diode in F:\Documents\Diplom\RemoteFeeling\Pakage_lib.SchLib with Schottky diode from Pakage_lib.SchLib
Replace Part B? Speeker in F:\Documents\Diplom\RemoteFeeling\Pakage_lib.SchLib with Speeker from Pakage_lib.SchLib
Replace Part U? TP5100 in F:\Documents\Diplom\RemoteFeeling\Pakage_lib.SchLib with TP5100 from Pakage_lib.SchLib
Replace Part T? Trans in F:\Documents\Diplom\RemoteFeeling\Pakage_lib.SchLib with Trans from Pakage_lib.SchLib
Replace Part U? UD_KD521 in F:\Documents\Diplom\RemoteFeeling\Pakage_lib.SchLib with UD_KD521 from Pakage_lib.SchLib
Replace Part VD? VD in F:\Documents\Diplom\RemoteFeeling\Pakage_lib.SchLib with VD from Pakage_lib.SchLib
Replace Part VD? VD_brige in F:\Documents\Diplom\RemoteFeeling\Pakage_lib.SchLib with VD_brige from Pakage_lib.SchLib
