Removed Pin From Net: NetName=IO0 Pin=S2-2
Removed Pin From Net: NetName=IO0 Pin=U3-25
Removed Pin From Net: NetName=IO0 Pin=VD3-2
Removed Pin From Net: NetName=IO0 Pin=VT4-1
Added Component: Designator=C5(C_EL_10)
Added Component: Designator=C6(CAP)
Added Component: Designator=C7(C0805)
Added Component: Designator=C8(C0805)
Added Component: Designator=C11(C0805)
Added Component: Designator=C12(C0805)
Added Component: Designator=C13(C0805)
Added Component: Designator=R20(R0805)
Added Component: Designator=R22(R0805)
Added Component: Designator=U5(QFN-16)
Added Component: Designator=VD4(LED)
Added Component: Designator=VD5(LED)
Added Component: Designator=VD6(DO214)
Added Component: Designator=XP18(XT30U-F)
Added Pin To Net: NetName=+12 Pin=C5-1
Added Pin To Net: NetName=IO0 Pin=C5-2
Added Pin To Net: NetName=+12 Pin=C6-1
Added Pin To Net: NetName=IO0 Pin=C6-2
Added Pin To Net: NetName=NetC7_1 Pin=C7-1
Added Pin To Net: NetName=IO0 Pin=C7-2
Added Pin To Net: NetName=NetC8_1 Pin=C8-1
Added Pin To Net: NetName=BAT Pin=C8-2
Added Pin To Net: NetName=NetC8_1 Pin=C11-1
Added Pin To Net: NetName=BAT Pin=C11-2
Added Pin To Net: NetName=BAT Pin=C12-1
Added Pin To Net: NetName=IO0 Pin=C12-2
Added Pin To Net: NetName=BAT Pin=C13-1
Added Pin To Net: NetName=IO0 Pin=C13-2
Added Pin To Net: NetName=NetR20_1 Pin=R20-1
Added Pin To Net: NetName=+12 Pin=R20-2
Added Pin To Net: NetName=BAT Pin=R22-1
Added Pin To Net: NetName=NetC8_1 Pin=R22-2
Added Pin To Net: NetName=+12 Pin=U5-1
Added Pin To Net: NetName=NetL1_2 Pin=U5-2
Added Pin To Net: NetName=IO0 Pin=U5-7
Added Pin To Net: NetName=NetC8_1 Pin=U5-8
Added Pin To Net: NetName=BAT Pin=U5-9
Added Pin To Net: NetName=NetC7_1 Pin=U5-10
Added Pin To Net: NetName=IO0 Pin=U5-11
Added Pin To Net: NetName=IO0 Pin=U5-12
Added Pin To Net: NetName=NetC7_1 Pin=U5-13
Added Pin To Net: NetName=NetU5_14 Pin=U5-14
Added Pin To Net: NetName=NetU5_15 Pin=U5-15
Added Pin To Net: NetName=NetR20_1 Pin=VD4-1
Added Pin To Net: NetName=NetU5_14 Pin=VD4-2
Added Pin To Net: NetName=NetR20_1 Pin=VD5-1
Added Pin To Net: NetName=NetU5_15 Pin=VD5-2
Added Pin To Net: NetName=IO0 Pin=VD6-1
Added Pin To Net: NetName=NetL1_2 Pin=VD6-2
Added Pin To Net: NetName=+12 Pin=XP18-1
Added Pin To Net: NetName=IO0 Pin=XP18-2
Change Net Name : Old Net Name=IO0 New Net Name=GND
Change Net Color : Old Net Color=RGB(158, 161, 117) New Net Color=White
Added Pin To Net: NetName=IO0 Pin=S2-2
Added Pin To Net: NetName=IO0 Pin=U3-25
Added Pin To Net: NetName=IO0 Pin=VD3-2
Added Pin To Net: NetName=IO0 Pin=VT4-1
Added Net: Name=IO0
Added Member To Class: ClassName=Sheet4 Member=Component C5 Cap+
Added Member To Class: ClassName=Sheet4 Member=Component C6 Cap
Added Member To Class: ClassName=Sheet4 Member=Component C7 Cap
Added Member To Class: ClassName=Sheet4 Member=Component C8 Cap
Added Member To Class: ClassName=Sheet4 Member=Component C11 Cap
Added Member To Class: ClassName=Sheet4 Member=Component C12 Cap
Added Member To Class: ClassName=Sheet4 Member=Component C13 Cap
Added Member To Class: ClassName=Sheet4 Member=Component R20 res
Added Member To Class: ClassName=Sheet4 Member=Component R22 res
Added Member To Class: ClassName=Sheet4 Member=Component U5 TP5100
Added Member To Class: ClassName=Sheet4 Member=Component VD4 Led
Added Member To Class: ClassName=Sheet4 Member=Component VD5 Led
Added Member To Class: ClassName=Sheet4 Member=Component VD6 Schottky diode
Added Member To Class: ClassName=Sheet4 Member=Component XP18 XT30PW-M
Added Room: Name=Sheet4
