Added Component: Designator=*(SO-16)
Added Component: Designator=C1(C0805)
Added Component: Designator=C2(C0805)
Added Component: Designator=C3(C0805)
Added Component: Designator=C4(C0805)
Added Component: Designator=C5(C_EL_10)
Added Component: Designator=C6(CAP)
Added Component: Designator=C7(C0805)
Added Component: Designator=C8(C0805)
Added Component: Designator=C9(C0805)
Added Component: Designator=C10(C0805)
Added Component: Designator=C11(C0805)
Added Component: Designator=C12(C0805)
Added Component: Designator=C13(C0805)
Added Component: Designator=C?(C0805)
Added Component: Designator=C?(C0805)
Added Component: Designator=C?(C0805)
Added Component: Designator=C?(C0805)
Added Component: Designator=C?(C0805)
Added Component: Designator=C?(C0805)
Added Component: Designator=C?(C0805)
Added Component: Designator=C?(C0805)
Added Component: Designator=C?(C0805)
Added Component: Designator=C?(C0805)
Added Component: Designator=C?(C0805)
Added Component: Designator=C?(C_EL_10)
Added Component: Designator=C?(CAP)
Added Component: Designator=L1(L2020)
Added Component: Designator=L(L2020)
Added Component: Designator=R1(L0805)
Added Component: Designator=R1(RES)
Added Component: Designator=R2(RES)
Added Component: Designator=R3(RES)
Added Component: Designator=R4(RES)
Added Component: Designator=R5(RES)
Added Component: Designator=R6(RES)
Added Component: Designator=R7(R0805)
Added Component: Designator=R8(R0805)
Added Component: Designator=R9(R0805)
Added Component: Designator=R10(R0805)
Added Component: Designator=R11(R0805)
Added Component: Designator=R12(R0805)
Added Component: Designator=R13(R0805)
Added Component: Designator=R14(R0805)
Added Component: Designator=R15(R0805)
Added Component: Designator=R16(R0805)
Added Component: Designator=R17(R0805)
Added Component: Designator=R18(R0805)
Added Component: Designator=R19(R0805)
Added Component: Designator=R20(R0805)
Added Component: Designator=R21(L0805)
Added Component: Designator=R22(R2512)
Added Component: Designator=R?(R0805)
Added Component: Designator=R?(R0805)
Added Component: Designator=R?(R0805)
Added Component: Designator=R?(R0805)
Added Component: Designator=R?(R0805)
Added Component: Designator=R?(R0805)
Added Component: Designator=R?(R0805)
Added Component: Designator=R?(R0805)
Added Component: Designator=R?(R0805)
Added Component: Designator=R?(R0805)
Added Component: Designator=R?(R0805)
Added Component: Designator=R?(R0805)
Added Component: Designator=R?(R0805)
Added Component: Designator=R?(R0805)
Added Component: Designator=R?(R0805)
Added Component: Designator=S1(TD-06XG)
Add component (AddParameter): Name = "LatestRevisionDate"; Value = "17-Jul-2002"; VariantName = "[No Variations]"
Add component (AddParameter): Name = "LatestRevisionNote"; Value = "Re-released for DXP Platform."; VariantName = "[No Variations]"
Add component (AddParameter): Name = "PackageDescription"; Value = "Switch; 2 Leads"; VariantName = "[No Variations]"
Add component (AddParameter): Name = "PackageReference"; Value = "SPST-2"; VariantName = "[No Variations]"
Add component (AddParameter): Name = "Published"; Value = "24-Mar-1999"; VariantName = "[No Variations]"
Add component (AddParameter): Name = "Publisher"; Value = "Altium Limited"; VariantName = "[No Variations]"
Added Component: Designator=S2(TD-06XG)
Add component (AddParameter): Name = "LatestRevisionDate"; Value = "17-Jul-2002"; VariantName = "[No Variations]"
Add component (AddParameter): Name = "LatestRevisionNote"; Value = "Re-released for DXP Platform."; VariantName = "[No Variations]"
Add component (AddParameter): Name = "PackageDescription"; Value = "Switch; 2 Leads"; VariantName = "[No Variations]"
Add component (AddParameter): Name = "PackageReference"; Value = "SPST-2"; VariantName = "[No Variations]"
Add component (AddParameter): Name = "Published"; Value = "24-Mar-1999"; VariantName = "[No Variations]"
Add component (AddParameter): Name = "Publisher"; Value = "Altium Limited"; VariantName = "[No Variations]"
Added Component: Designator=S3(Key)
Added Component: Designator=S?(Key)
Added Component: Designator=S?(SPST-2)
Add component (AddParameter): Name = "LatestRevisionDate"; Value = "17-Jul-2002"; VariantName = "[No Variations]"
Add component (AddParameter): Name = "LatestRevisionNote"; Value = "Re-released for DXP Platform."; VariantName = "[No Variations]"
Add component (AddParameter): Name = "PackageDescription"; Value = "Switch; 2 Leads"; VariantName = "[No Variations]"
Add component (AddParameter): Name = "PackageReference"; Value = "SPST-2"; VariantName = "[No Variations]"
Add component (AddParameter): Name = "Published"; Value = "24-Mar-1999"; VariantName = "[No Variations]"
Add component (AddParameter): Name = "Publisher"; Value = "Altium Limited"; VariantName = "[No Variations]"
Added Component: Designator=S?(SPST-2)
Add component (AddParameter): Name = "LatestRevisionDate"; Value = "17-Jul-2002"; VariantName = "[No Variations]"
Add component (AddParameter): Name = "LatestRevisionNote"; Value = "Re-released for DXP Platform."; VariantName = "[No Variations]"
Add component (AddParameter): Name = "PackageDescription"; Value = "Switch; 2 Leads"; VariantName = "[No Variations]"
Add component (AddParameter): Name = "PackageReference"; Value = "SPST-2"; VariantName = "[No Variations]"
Add component (AddParameter): Name = "Published"; Value = "24-Mar-1999"; VariantName = "[No Variations]"
Add component (AddParameter): Name = "Publisher"; Value = "Altium Limited"; VariantName = "[No Variations]"
Added Component: Designator=U1(QFN-16)
Added Component: Designator=U4(SO-16)
Added Component: Designator=U5(QFN-16)
Added Component: Designator=U6(SOT-223)
Added Component: Designator=U?(SOT-223)
Added Component: Designator=VD1(DO214)
Added Component: Designator=VD1(DIODE)
Added Component: Designator=VD2(D0402)
Added Component: Designator=VD3(LED)
Added Component: Designator=VD4(LED)
Added Component: Designator=VD5(D0805)
Added Component: Designator=VD6(D0805)
Added Component: Designator=VD7(DO214)
Added Component: Designator=VD8(DO214)
Added Component: Designator=VD?(LED)
Added Component: Designator=VD?(LED)
Added Component: Designator=VD?(D0402)
Added Component: Designator=VD?(D0805)
Added Component: Designator=VD?(D0805)
Added Component: Designator=VD?(DO214)
Added Component: Designator=VT1(TO-92)
Added Component: Designator=VT2(TO-92)
Added Component: Designator=VT3(TO-92)
Added Component: Designator=VT4(TO-92)
Added Component: Designator=VT?(TO-92)
Added Component: Designator=VT?(TO-92)
Added Component: Designator=VT?(TO-92)
Added Component: Designator=X1(47346-0001 (Molex, Micro USB))
Added Component: Designator=X2(DS-210)
Added Component: Designator=X?(47346-0001 (Molex, Micro USB))
Added Component: Designator=XP1(PLS-6)
Added Component: Designator=XP2(B5B-XH-A)
Added Component: Designator=XP2(PLS-6)
Added Component: Designator=XP3(62000611622)
Added Component: Designator=XP3(PLS-6)
Added Component: Designator=XP4(IDC-12)
Added Component: Designator=XP4(PLS-6)
Added Component: Designator=XP5(PLS-6)
Added Component: Designator=XP6(PLS(ESP32))
Added Component: Designator=XP6(PLS-6)
Added Component: Designator=XP7(XT30U-F)
Added Component: Designator=XP8(PLD-12)
Added Component: Designator=XP9(PLD-10)
Added Component: Designator=XP10(PLS-2)
Added Component: Designator=XP11(PLS-6)
Added Component: Designator=XP12(PLS-6)
Added Component: Designator=XP13(PLS-2)
Added Component: Designator=XP14(PLS-6)
Added Component: Designator=XP15(PLD-10)
Added Component: Designator=XP16(PLS-6)
Added Component: Designator=XP17(PLS-6)
Added Component: Designator=XP18(XT30U-F)
Added Component: Designator=XP?(PLS-2)
Added Component: Designator=XP?(PLS-6)
Added Component: Designator=XP?(PLS-6)
Added Component: Designator=XP?(PLD-10)
Added Component: Designator=XP?(PLS-6)
Added Component: Designator=XP?(XT30U-F)
Added Component: Designator=XP?(PLS-6)
Added Component: Designator=XP?(PLS-6)
Added Pin To Net: NetName=+12 Pin=C5-1
Added Pin To Net: NetName=+12 Pin=C6-1
Added Pin To Net: NetName=+12 Pin=C?-1
Added Pin To Net: NetName=+12 Pin=C?-1
Added Pin To Net: NetName=+12 Pin=R1-2
Added Pin To Net: NetName=+12 Pin=R21-2
Added Pin To Net: NetName=+12 Pin=X2-1
Added Net: Name=+12
Added Pin To Net: NetName=3.3V Pin=C1-1
Added Pin To Net: NetName=3.3V Pin=C2-1
Added Pin To Net: NetName=3.3V Pin=C11-2
Added Pin To Net: NetName=3.3V Pin=C?-1
Added Pin To Net: NetName=3.3V Pin=C?-1
Added Pin To Net: NetName=3.3V Pin=C?-2
Added Pin To Net: NetName=3.3V Pin=U6-3
Added Pin To Net: NetName=3.3V Pin=U?-3
Added Pin To Net: NetName=3.3V Pin=XP11-6
Added Pin To Net: NetName=3.3V Pin=XP12-6
Added Pin To Net: NetName=3.3V Pin=XP14-6
Added Pin To Net: NetName=3.3V Pin=XP16-6
Added Pin To Net: NetName=3.3V Pin=XP17-6
Added Pin To Net: NetName=3.3V Pin=XP?-6
Added Pin To Net: NetName=3.3V Pin=XP?-6
Added Pin To Net: NetName=3.3V Pin=XP?-6
Added Pin To Net: NetName=3.3V Pin=XP?-6
Added Pin To Net: NetName=3.3V Pin=XP?-6
Added Net: Name=3.3V
Added Pin To Net: NetName=BAT Pin=C8-2
Added Pin To Net: NetName=BAT Pin=C9-2
Added Pin To Net: NetName=BAT Pin=C10-2
Added Pin To Net: NetName=BAT Pin=C12-1
Added Pin To Net: NetName=BAT Pin=C13-1
Added Pin To Net: NetName=BAT Pin=C?-1
Added Pin To Net: NetName=BAT Pin=C?-1
Added Pin To Net: NetName=BAT Pin=C?-2
Added Pin To Net: NetName=BAT Pin=C?-2
Added Pin To Net: NetName=BAT Pin=C?-2
Added Pin To Net: NetName=BAT Pin=R11-1
Added Pin To Net: NetName=BAT Pin=R12-1
Added Pin To Net: NetName=BAT Pin=R13-1
Added Pin To Net: NetName=BAT Pin=R22-1
Added Pin To Net: NetName=BAT Pin=R?-1
Added Pin To Net: NetName=BAT Pin=R?-1
Added Pin To Net: NetName=BAT Pin=R?-1
Added Pin To Net: NetName=BAT Pin=R?-1
Added Pin To Net: NetName=BAT Pin=S3-1
Added Pin To Net: NetName=BAT Pin=S?-1
Added Pin To Net: NetName=BAT Pin=S?-2
Added Pin To Net: NetName=BAT Pin=U6-1
Added Pin To Net: NetName=BAT Pin=U?-1
Added Pin To Net: NetName=BAT Pin=VD2-2
Added Pin To Net: NetName=BAT Pin=VD8-2
Added Pin To Net: NetName=BAT Pin=VD?-2
Added Pin To Net: NetName=BAT Pin=VD?-2
Added Pin To Net: NetName=BAT Pin=X1-1
Added Pin To Net: NetName=BAT Pin=X?-1
Added Pin To Net: NetName=BAT Pin=XP1-1
Added Pin To Net: NetName=BAT Pin=XP1-2
Added Pin To Net: NetName=BAT Pin=XP2-1
Added Pin To Net: NetName=BAT Pin=XP3-1
Added Pin To Net: NetName=BAT Pin=XP4-1
Added Pin To Net: NetName=BAT Pin=XP5-1
Added Pin To Net: NetName=BAT Pin=XP6-19
Added Pin To Net: NetName=BAT Pin=XP7-2
Added Pin To Net: NetName=BAT Pin=XP9-1
Added Pin To Net: NetName=BAT Pin=XP9-3
Added Pin To Net: NetName=BAT Pin=XP9-5
Added Pin To Net: NetName=BAT Pin=XP9-7
Added Pin To Net: NetName=BAT Pin=XP9-9
Added Pin To Net: NetName=BAT Pin=XP10-1
Added Pin To Net: NetName=BAT Pin=XP11-1
Added Pin To Net: NetName=BAT Pin=XP12-1
Added Pin To Net: NetName=BAT Pin=XP13-1
Added Pin To Net: NetName=BAT Pin=XP14-1
Added Pin To Net: NetName=BAT Pin=XP15-1
Added Pin To Net: NetName=BAT Pin=XP15-3
Added Pin To Net: NetName=BAT Pin=XP15-5
Added Pin To Net: NetName=BAT Pin=XP15-7
Added Pin To Net: NetName=BAT Pin=XP15-9
Added Pin To Net: NetName=BAT Pin=XP16-1
Added Pin To Net: NetName=BAT Pin=XP17-1
Added Pin To Net: NetName=BAT Pin=XP18-2
Added Pin To Net: NetName=BAT Pin=XP?-1
Added Pin To Net: NetName=BAT Pin=XP?-1
Added Pin To Net: NetName=BAT Pin=XP?-1
Added Pin To Net: NetName=BAT Pin=XP?-1
Added Pin To Net: NetName=BAT Pin=XP?-1
Added Pin To Net: NetName=BAT Pin=XP?-1
Added Pin To Net: NetName=BAT Pin=XP?-3
Added Pin To Net: NetName=BAT Pin=XP?-5
Added Pin To Net: NetName=BAT Pin=XP?-7
Added Pin To Net: NetName=BAT Pin=XP?-9
Added Net: Name=BAT
Added Pin To Net: NetName=DTR Pin=*-13
Added Pin To Net: NetName=DTR Pin=R14-2
Added Pin To Net: NetName=DTR Pin=R?-2
Added Pin To Net: NetName=DTR Pin=U4-13
Added Pin To Net: NetName=DTR Pin=VT4-3
Added Pin To Net: NetName=DTR Pin=VT?-3
Added Net: Name=DTR
Added Pin To Net: NetName=EN Pin=C4-1
Added Pin To Net: NetName=EN Pin=C?-1
Added Pin To Net: NetName=EN Pin=R13-2
Added Pin To Net: NetName=EN Pin=R?-2
Added Pin To Net: NetName=EN Pin=S1-2
Added Pin To Net: NetName=EN Pin=S?-2
Added Pin To Net: NetName=EN Pin=VT3-1
Added Pin To Net: NetName=EN Pin=VT?-1
Added Net: Name=EN
Added Pin To Net: NetName=FF1 Pin=R16-2
Added Pin To Net: NetName=FF1 Pin=R?-2
Added Pin To Net: NetName=FF1 Pin=XP2-1
Added Pin To Net: NetName=FF1 Pin=XP6-3
Added Pin To Net: NetName=FF1 Pin=XP15-2
Added Pin To Net: NetName=FF1 Pin=XP?-2
Added Net: Name=FF1
Added Pin To Net: NetName=FF2 Pin=R17-2
Added Pin To Net: NetName=FF2 Pin=R?-2
Added Pin To Net: NetName=FF2 Pin=XP2-2
Added Pin To Net: NetName=FF2 Pin=XP6-4
Added Pin To Net: NetName=FF2 Pin=XP15-4
Added Pin To Net: NetName=FF2 Pin=XP?-4
Added Net: Name=FF2
Added Pin To Net: NetName=FF3 Pin=R18-2
Added Pin To Net: NetName=FF3 Pin=R?-2
Added Pin To Net: NetName=FF3 Pin=XP2-3
Added Pin To Net: NetName=FF3 Pin=XP6-5
Added Pin To Net: NetName=FF3 Pin=XP15-6
Added Pin To Net: NetName=FF3 Pin=XP?-6
Added Net: Name=FF3
Added Pin To Net: NetName=FF4 Pin=R19-2
Added Pin To Net: NetName=FF4 Pin=R?-2
Added Pin To Net: NetName=FF4 Pin=XP2-4
Added Pin To Net: NetName=FF4 Pin=XP6-6
Added Pin To Net: NetName=FF4 Pin=XP15-8
Added Pin To Net: NetName=FF4 Pin=XP?-8
Added Net: Name=FF4
Added Pin To Net: NetName=FF5 Pin=R20-2
Added Pin To Net: NetName=FF5 Pin=R?-2
Added Pin To Net: NetName=FF5 Pin=XP2-5
Added Pin To Net: NetName=FF5 Pin=XP6-7
Added Pin To Net: NetName=FF5 Pin=XP15-10
Added Pin To Net: NetName=FF5 Pin=XP?-10
Added Net: Name=FF5
Added Pin To Net: NetName=GND Pin=*-1
Added Pin To Net: NetName=GND Pin=C1-2
Added Pin To Net: NetName=GND Pin=C2-2
Added Pin To Net: NetName=GND Pin=C3-2
Added Pin To Net: NetName=GND Pin=C4-2
Added Pin To Net: NetName=GND Pin=C5-2
Added Pin To Net: NetName=GND Pin=C6-2
Added Pin To Net: NetName=GND Pin=C7-2
Added Pin To Net: NetName=GND Pin=C10-1
Added Pin To Net: NetName=GND Pin=C11-1
Added Pin To Net: NetName=GND Pin=C12-2
Added Pin To Net: NetName=GND Pin=C13-2
Added Pin To Net: NetName=GND Pin=C?-1
Added Pin To Net: NetName=GND Pin=C?-1
Added Pin To Net: NetName=GND Pin=C?-2
Added Pin To Net: NetName=GND Pin=C?-2
Added Pin To Net: NetName=GND Pin=C?-2
Added Pin To Net: NetName=GND Pin=C?-2
Added Pin To Net: NetName=GND Pin=C?-2
Added Pin To Net: NetName=GND Pin=C?-2
Added Pin To Net: NetName=GND Pin=C?-2
Added Pin To Net: NetName=GND Pin=C?-2
Added Pin To Net: NetName=GND Pin=C?-2
Added Pin To Net: NetName=GND Pin=R10-1
Added Pin To Net: NetName=GND Pin=R?-1
Added Pin To Net: NetName=GND Pin=S1-1
Added Pin To Net: NetName=GND Pin=S2-1
Added Pin To Net: NetName=GND Pin=S?-1
Added Pin To Net: NetName=GND Pin=S?-1
Added Pin To Net: NetName=GND Pin=U4-1
Added Pin To Net: NetName=GND Pin=U6-2
Added Pin To Net: NetName=GND Pin=U6-2
Added Pin To Net: NetName=GND Pin=U?-2
Added Pin To Net: NetName=GND Pin=U?-2
Added Pin To Net: NetName=GND Pin=VD1-1
Added Pin To Net: NetName=GND Pin=VD7-1
Added Pin To Net: NetName=GND Pin=VT2-3
Added Pin To Net: NetName=GND Pin=VT?-3
Added Pin To Net: NetName=GND Pin=X1-5
Added Pin To Net: NetName=GND Pin=X1-6
Added Pin To Net: NetName=GND Pin=X1-7
Added Pin To Net: NetName=GND Pin=X2-2
Added Pin To Net: NetName=GND Pin=X2-3
Added Pin To Net: NetName=GND Pin=X?-5
Added Pin To Net: NetName=GND Pin=X?-6
Added Pin To Net: NetName=GND Pin=X?-7
Added Pin To Net: NetName=GND Pin=XP1-1
Added Pin To Net: NetName=GND Pin=XP1-2
Added Pin To Net: NetName=GND Pin=XP2-2
Added Pin To Net: NetName=GND Pin=XP3-2
Added Pin To Net: NetName=GND Pin=XP4-2
Added Pin To Net: NetName=GND Pin=XP5-2
Added Pin To Net: NetName=GND Pin=XP6-18
Added Pin To Net: NetName=GND Pin=XP7-1
Added Pin To Net: NetName=GND Pin=XP11-2
Added Pin To Net: NetName=GND Pin=XP12-2
Added Pin To Net: NetName=GND Pin=XP14-2
Added Pin To Net: NetName=GND Pin=XP16-2
Added Pin To Net: NetName=GND Pin=XP17-2
Added Pin To Net: NetName=GND Pin=XP18-1
Added Pin To Net: NetName=GND Pin=XP?-1
Added Pin To Net: NetName=GND Pin=XP?-2
Added Pin To Net: NetName=GND Pin=XP?-2
Added Pin To Net: NetName=GND Pin=XP?-2
Added Pin To Net: NetName=GND Pin=XP?-2
Added Pin To Net: NetName=GND Pin=XP?-2
Added Net: Name=GND
Added Pin To Net: NetName=IE Pin=XP3-2
Added Pin To Net: NetName=IE Pin=XP6-12
Added Pin To Net: NetName=IE Pin=XP12-5
Added Pin To Net: NetName=IE Pin=XP?-5
Added Net: Name=IE
Added Pin To Net: NetName=IM1 Pin=XP4-3
Added Pin To Net: NetName=IM1 Pin=XP6-9
Added Pin To Net: NetName=IM1 Pin=XP12-3
Added Pin To Net: NetName=IM1 Pin=XP?-3
Added Net: Name=IM1
Added Pin To Net: NetName=IM2 Pin=XP4-4
Added Pin To Net: NetName=IM2 Pin=XP6-37
Added Pin To Net: NetName=IM2 Pin=XP12-4
Added Pin To Net: NetName=IM2 Pin=XP?-4
Added Net: Name=IM2
Added Pin To Net: NetName=IO0 Pin=S2-2
Added Pin To Net: NetName=IO0 Pin=S?-2
Added Pin To Net: NetName=IO0 Pin=VD4-2
Added Pin To Net: NetName=IO0 Pin=VD?-2
Added Pin To Net: NetName=IO0 Pin=VT4-1
Added Pin To Net: NetName=IO0 Pin=VT?-1
Added Net: Name=IO0
Added Pin To Net: NetName=IO27 Pin=VD3-2
Added Pin To Net: NetName=IO27 Pin=VD?-2
Added Net: Name=IO27
Added Pin To Net: NetName=LX Pin=L-2
Added Pin To Net: NetName=LX Pin=VD1-2
Added Net: Name=LX
Added Pin To Net: NetName=ME Pin=XP3-3
Added Pin To Net: NetName=ME Pin=XP6-11
Added Pin To Net: NetName=ME Pin=XP14-5
Added Pin To Net: NetName=ME Pin=XP?-5
Added Net: Name=ME
Added Pin To Net: NetName=MM1 Pin=XP4-5
Added Pin To Net: NetName=MM1 Pin=XP6-31
Added Pin To Net: NetName=MM1 Pin=XP14-3
Added Pin To Net: NetName=MM1 Pin=XP?-3
Added Net: Name=MM1
Added Pin To Net: NetName=MM2 Pin=XP4-6
Added Pin To Net: NetName=MM2 Pin=XP6-30
Added Pin To Net: NetName=MM2 Pin=XP14-4
Added Pin To Net: NetName=MM2 Pin=XP?-4
Added Net: Name=MM2
Added Pin To Net: NetName=Net*_4 Pin=*-4
Added Pin To Net: NetName=Net*_4 Pin=C?-1
Added Net: Name=Net*_4
Added Pin To Net: NetName=Net*_5 Pin=*-5
Added Pin To Net: NetName=Net*_5 Pin=X?-3
Added Net: Name=Net*_5
Added Pin To Net: NetName=Net*_6 Pin=*-6
Added Pin To Net: NetName=Net*_6 Pin=X?-2
Added Net: Name=Net*_6
Added Pin To Net: NetName=NetC3_1 Pin=C3-1
Added Pin To Net: NetName=NetC3_1 Pin=U4-4
Added Net: Name=NetC3_1
Added Pin To Net: NetName=NetC7_1 Pin=C7-1
Added Net: Name=NetC7_1
Added Pin To Net: NetName=NetC8_1 Pin=C8-1
Added Pin To Net: NetName=NetC8_1 Pin=C9-1
Added Pin To Net: NetName=NetC8_1 Pin=L1-1
Added Pin To Net: NetName=NetC8_1 Pin=R22-2
Added Net: Name=NetC8_1
Added Pin To Net: NetName=NetC?_1 Pin=C?-1
Added Net: Name=NetC?_1
Added Net: Name=NetGB2_2
Added Pin To Net: NetName=NetL1_2 Pin=L1-2
Added Pin To Net: NetName=NetL1_2 Pin=VD7-2
Added Net: Name=NetL1_2
Added Pin To Net: NetName=NetR1_1 Pin=R1-1
Added Pin To Net: NetName=NetR1_1 Pin=VD?-1
Added Pin To Net: NetName=NetR1_1 Pin=VD?-1
Added Net: Name=NetR1_1
Added Pin To Net: NetName=NetR1_2 Pin=R1-2
Added Pin To Net: NetName=NetR1_2 Pin=XP9-2
Added Net: Name=NetR1_2
Added Pin To Net: NetName=NetR2_2 Pin=R2-2
Added Pin To Net: NetName=NetR2_2 Pin=XP9-4
Added Net: Name=NetR2_2
Added Pin To Net: NetName=NetR3_2 Pin=R3-2
Added Pin To Net: NetName=NetR3_2 Pin=XP9-6
Added Net: Name=NetR3_2
Added Pin To Net: NetName=NetR4_2 Pin=R4-2
Added Pin To Net: NetName=NetR4_2 Pin=XP9-8
Added Net: Name=NetR4_2
Added Pin To Net: NetName=NetR5_2 Pin=R5-2
Added Pin To Net: NetName=NetR5_2 Pin=XP9-10
Added Net: Name=NetR5_2
Added Pin To Net: NetName=NetR6_2 Pin=R6-2
Added Pin To Net: NetName=NetR6_2 Pin=XP8-11
Added Net: Name=NetR6_2
Added Pin To Net: NetName=NetR7_2 Pin=R7-2
Added Net: Name=NetR7_2
Added Pin To Net: NetName=NetR8_1 Pin=R8-1
Added Pin To Net: NetName=NetR8_1 Pin=VT2-2
Added Net: Name=NetR8_1
Added Pin To Net: NetName=NetR9_2 Pin=R9-2
Added Net: Name=NetR9_2
Added Pin To Net: NetName=NetR11_2 Pin=R11-2
Added Pin To Net: NetName=NetR11_2 Pin=VD3-1
Added Net: Name=NetR11_2
Added Pin To Net: NetName=NetR12_2 Pin=R12-2
Added Pin To Net: NetName=NetR12_2 Pin=VD4-1
Added Net: Name=NetR12_2
Added Pin To Net: NetName=NetR14_1 Pin=R14-1
Added Pin To Net: NetName=NetR14_1 Pin=VT3-2
Added Net: Name=NetR14_1
Added Pin To Net: NetName=NetR15_1 Pin=R15-1
Added Pin To Net: NetName=NetR15_1 Pin=VT4-2
Added Net: Name=NetR15_1
Added Pin To Net: NetName=NetR21_1 Pin=R21-1
Added Pin To Net: NetName=NetR21_1 Pin=VD5-1
Added Pin To Net: NetName=NetR21_1 Pin=VD6-1
Added Net: Name=NetR21_1
Added Pin To Net: NetName=NetR?_1 Pin=R?-1
Added Pin To Net: NetName=NetR?_1 Pin=VT?-2
Added Net: Name=NetR?_1
Added Pin To Net: NetName=NetR?_2 Pin=R?-2
Added Net: Name=NetR?_2
Added Pin To Net: NetName=NetS3_2 Pin=S3-2
Added Pin To Net: NetName=NetS3_2 Pin=VD8-1
Added Net: Name=NetS3_2
Added Pin To Net: NetName=NetU1_0 Pin=VD?-2
Added Net: Name=NetU1_0
Added Pin To Net: NetName=NetU4_5 Pin=U4-5
Added Pin To Net: NetName=NetU4_5 Pin=X1-3
Added Net: Name=NetU4_5
Added Pin To Net: NetName=NetU4_6 Pin=U4-6
Added Pin To Net: NetName=NetU4_6 Pin=X1-2
Added Net: Name=NetU4_6
Added Pin To Net: NetName=NetU5_0 Pin=VD5-2
Added Net: Name=NetU5_0
Added Pin To Net: NetName=NetVD2_1 Pin=VD2-1
Added Pin To Net: NetName=NetVD2_1 Pin=VT2-1
Added Pin To Net: NetName=NetVD2_1 Pin=XP13-2
Added Net: Name=NetVD2_1
Added Pin To Net: NetName=NetVD?_1 Pin=VD?-1
Added Pin To Net: NetName=NetVD?_1 Pin=XP?-2
Added Net: Name=NetVD?_1
Added Pin To Net: NetName=NetXP1_3 Pin=XP1-3
Added Pin To Net: NetName=NetXP1_3 Pin=XP8-1
Added Net: Name=NetXP1_3
Added Pin To Net: NetName=NetXP1_4 Pin=XP1-4
Added Pin To Net: NetName=NetXP1_4 Pin=XP8-2
Added Net: Name=NetXP1_4
Added Pin To Net: NetName=NetXP1_5 Pin=XP1-5
Added Pin To Net: NetName=NetXP1_5 Pin=XP6-1
Added Net: Name=NetXP1_5
Added Pin To Net: NetName=NetXP1_6 Pin=XP1-6
Added Pin To Net: NetName=NetXP1_6 Pin=XP2-6
Added Pin To Net: NetName=NetXP1_6 Pin=XP3-6
Added Pin To Net: NetName=NetXP1_6 Pin=XP4-6
Added Pin To Net: NetName=NetXP1_6 Pin=XP5-6
Added Pin To Net: NetName=NetXP1_6 Pin=XP6-6
Added Net: Name=NetXP1_6
Added Pin To Net: NetName=NetXP2_3 Pin=XP2-3
Added Pin To Net: NetName=NetXP2_3 Pin=XP8-3
Added Net: Name=NetXP2_3
Added Pin To Net: NetName=NetXP2_4 Pin=XP2-4
Added Pin To Net: NetName=NetXP2_4 Pin=XP8-4
Added Net: Name=NetXP2_4
Added Pin To Net: NetName=NetXP2_5 Pin=XP2-5
Added Pin To Net: NetName=NetXP2_5 Pin=XP6-2
Added Net: Name=NetXP2_5
Added Pin To Net: NetName=NetXP3_3 Pin=XP3-3
Added Pin To Net: NetName=NetXP3_3 Pin=XP8-5
Added Net: Name=NetXP3_3
Added Pin To Net: NetName=NetXP3_4 Pin=XP3-4
Added Pin To Net: NetName=NetXP3_4 Pin=XP8-6
Added Net: Name=NetXP3_4
Added Pin To Net: NetName=NetXP3_5 Pin=XP3-5
Added Pin To Net: NetName=NetXP3_5 Pin=XP6-3
Added Net: Name=NetXP3_5
Added Pin To Net: NetName=NetXP4_3 Pin=XP4-3
Added Pin To Net: NetName=NetXP4_3 Pin=XP8-7
Added Net: Name=NetXP4_3
Added Pin To Net: NetName=NetXP4_4 Pin=XP4-4
Added Pin To Net: NetName=NetXP4_4 Pin=XP8-8
Added Net: Name=NetXP4_4
Added Pin To Net: NetName=NetXP4_5 Pin=XP4-5
Added Pin To Net: NetName=NetXP4_5 Pin=XP6-4
Added Net: Name=NetXP4_5
Added Pin To Net: NetName=NetXP5_3 Pin=XP5-3
Added Pin To Net: NetName=NetXP5_3 Pin=XP8-9
Added Net: Name=NetXP5_3
Added Pin To Net: NetName=NetXP5_4 Pin=XP5-4
Added Pin To Net: NetName=NetXP5_4 Pin=XP8-10
Added Net: Name=NetXP5_4
Added Pin To Net: NetName=NetXP5_5 Pin=XP5-5
Added Pin To Net: NetName=NetXP5_5 Pin=XP6-5
Added Net: Name=NetXP5_5
Added Pin To Net: NetName=PE Pin=XP3-5
Added Pin To Net: NetName=PE Pin=XP6-26
Added Pin To Net: NetName=PE Pin=XP17-5
Added Pin To Net: NetName=PE Pin=XP?-5
Added Net: Name=PE
Added Pin To Net: NetName=PM1 Pin=XP4-9
Added Pin To Net: NetName=PM1 Pin=XP6-28
Added Pin To Net: NetName=PM1 Pin=XP17-3
Added Pin To Net: NetName=PM1 Pin=XP?-3
Added Net: Name=PM1
Added Pin To Net: NetName=PM2 Pin=XP4-10
Added Pin To Net: NetName=PM2 Pin=XP6-27
Added Pin To Net: NetName=PM2 Pin=XP17-4
Added Pin To Net: NetName=PM2 Pin=XP?-4
Added Net: Name=PM2
Added Pin To Net: NetName=RE Pin=XP3-4
Added Pin To Net: NetName=RE Pin=XP6-10
Added Pin To Net: NetName=RE Pin=XP16-5
Added Pin To Net: NetName=RE Pin=XP?-5
Added Net: Name=RE
Added Pin To Net: NetName=RM1 Pin=XP4-7
Added Pin To Net: NetName=RM1 Pin=XP6-36
Added Pin To Net: NetName=RM1 Pin=XP16-3
Added Pin To Net: NetName=RM1 Pin=XP?-3
Added Net: Name=RM1
Added Pin To Net: NetName=RM2 Pin=XP4-8
Added Pin To Net: NetName=RM2 Pin=XP6-33
Added Pin To Net: NetName=RM2 Pin=XP16-4
Added Pin To Net: NetName=RM2 Pin=XP?-4
Added Net: Name=RM2
Added Pin To Net: NetName=RTS Pin=*-14
Added Pin To Net: NetName=RTS Pin=R15-2
Added Pin To Net: NetName=RTS Pin=R?-2
Added Pin To Net: NetName=RTS Pin=U4-14
Added Pin To Net: NetName=RTS Pin=VT3-3
Added Pin To Net: NetName=RTS Pin=VT?-3
Added Net: Name=RTS
Added Pin To Net: NetName=RX Pin=R9-1
Added Pin To Net: NetName=RX Pin=R?-1
Added Net: Name=RX
Added Pin To Net: NetName=TE Pin=XP3-1
Added Pin To Net: NetName=TE Pin=XP6-15
Added Pin To Net: NetName=TE Pin=XP11-5
Added Pin To Net: NetName=TE Pin=XP?-5
Added Net: Name=TE
Added Pin To Net: NetName=TM1 Pin=XP4-1
Added Pin To Net: NetName=TM1 Pin=XP6-8
Added Pin To Net: NetName=TM1 Pin=XP11-3
Added Pin To Net: NetName=TM1 Pin=XP?-3
Added Net: Name=TM1
Added Pin To Net: NetName=TM2 Pin=XP4-2
Added Pin To Net: NetName=TM2 Pin=XP6-13
Added Pin To Net: NetName=TM2 Pin=XP11-4
Added Pin To Net: NetName=TM2 Pin=XP?-4
Added Net: Name=TM2
Added Pin To Net: NetName=TX Pin=R7-1
Added Pin To Net: NetName=TX Pin=R?-1
Added Net: Name=TX
Added Pin To Net: NetName=VIBRO_M Pin=R8-2
Added Pin To Net: NetName=VIBRO_M Pin=R10-2
Added Net: Name=VIBRO_M
Added Pin To Net: NetName=VREF Pin=XP3-6
Added Pin To Net: NetName=VREF Pin=XP6-1
Added Net: Name=VREF
Added Pin To Net: NetName=VS Pin=C?-1
Added Pin To Net: NetName=VS Pin=C?-1
Added Pin To Net: NetName=VS Pin=L-1
Added Pin To Net: NetName=VS Pin=R?-2
Added Net: Name=VS
Added Class: Name=Sheet1
Added Class: Name=Sheet2
Added Class: Name=Sheet3
Added Class: Name=Sheet4
Added Room: Name=Sheet1
Added Room: Name=Sheet2
Added Room: Name=Sheet3
Added Room: Name=Sheet4
