Change Component Designator: OldDesignator=C14 NewDesignator=C14*
Change Component Designator: OldDesignator=C15 NewDesignator=C15*
Change Component Designator: OldDesignator=C16 NewDesignator=C16*
Change Component Designator: OldDesignator=C17 NewDesignator=C17*
Change Component Designator: OldDesignator=C18 NewDesignator=C18*
Change Component Designator: OldDesignator=C21 NewDesignator=C21*
Change Component Designator: OldDesignator=C22 NewDesignator=C22*
Change Component Designator: OldDesignator=C23 NewDesignator=C23*
Change Component Designator: OldDesignator=C24 NewDesignator=C24*
Change Component Designator: OldDesignator=C25 NewDesignator=C25*
Added Member To Class: ClassName=Sheet4 Member=Component C4 100nF
Added Member To Class: ClassName=Sheet4 Member=Component C9 Cap
Added Member To Class: ClassName=Sheet4 Member=Component C10 10uF
Added Member To Class: ClassName=Sheet4 Member=Component R9 res
Added Member To Class: ClassName=Sheet4 Member=Component R11 res
Added Member To Class: ClassName=Sheet4 Member=Component R12 100K
Added Member To Class: ClassName=Sheet4 Member=Component R13 100K
Added Member To Class: ClassName=Sheet4 Member=Component R14 100K
Added Member To Class: ClassName=Sheet4 Member=Component U3 AMS1117
Added Member To Class: ClassName=Sheet4 Member=Component VT3 S8050(NPN)
Added Room: Name=Sheet4
