Change Component Footprint: Designator=VD5 Old Footprint=D0805 New Footprint=LED
Change Component Footprint: Designator=VD6 Old Footprint=D0805 New Footprint=LED
Change Component Footprint: Designator=R21 Old Footprint=L0805 New Footprint=RES
Change Component Footprint: Designator=R22 Old Footprint=R2512 New Footprint=RES
Change Component Footprint: Designator=S1 Old Footprint=TD-06XG New Footprint=SPST-2
Change Component Footprint: Designator=S2 Old Footprint=TD-06XG New Footprint=SPST-2
Added Component: Designator=*(SO-16)
Added Component: Designator=C?(C0805)
Added Component: Designator=C?(C0805)
Added Component: Designator=C?(C0805)
Added Component: Designator=C?(C0805)
Added Component: Designator=C?(C0805)
Added Component: Designator=C?(C0805)
Added Component: Designator=C?(C0805)
Added Component: Designator=C?(C0805)
Added Component: Designator=C?(C0805)
Added Component: Designator=C?(C0805)
Added Component: Designator=C?(C_EL_10)
Added Component: Designator=C?(CAP)
Added Component: Designator=C?(C0805)
Added Component: Designator=R1(RES)
Added Component: Designator=R1(RES)
Added Component: Designator=R2(RES)
Added Component: Designator=R3(RES)
Added Component: Designator=R4(RES)
Added Component: Designator=R5(RES)
Added Component: Designator=R6(RES)
Added Component: Designator=R?(R0805)
Added Component: Designator=R?(R0805)
Added Component: Designator=R?(R0805)
Added Component: Designator=R?(R0805)
Added Component: Designator=R?(R0805)
Added Component: Designator=R?(R0805)
Added Component: Designator=R?(R0805)
Added Component: Designator=R?(R0805)
Added Component: Designator=R?(R0805)
Added Component: Designator=R?(R0805)
Added Component: Designator=R?(R0805)
Added Component: Designator=R?(R0805)
Added Component: Designator=R?(R0805)
Added Component: Designator=R?(R0805)
Added Component: Designator=R?(R0805)
Added Component: Designator=S?(Key)
Added Component: Designator=S?(SPST-2)
Add component (AddParameter): Name = "LatestRevisionDate"; Value = "17-Jul-2002"; VariantName = "[No Variations]"
Add component (AddParameter): Name = "LatestRevisionNote"; Value = "Re-released for DXP Platform."; VariantName = "[No Variations]"
Add component (AddParameter): Name = "PackageDescription"; Value = "Switch; 2 Leads"; VariantName = "[No Variations]"
Add component (AddParameter): Name = "PackageReference"; Value = "SPST-2"; VariantName = "[No Variations]"
Add component (AddParameter): Name = "Published"; Value = "24-Mar-1999"; VariantName = "[No Variations]"
Add component (AddParameter): Name = "Publisher"; Value = "Altium Limited"; VariantName = "[No Variations]"
Added Component: Designator=S?(SPST-2)
Add component (AddParameter): Name = "LatestRevisionDate"; Value = "17-Jul-2002"; VariantName = "[No Variations]"
Add component (AddParameter): Name = "LatestRevisionNote"; Value = "Re-released for DXP Platform."; VariantName = "[No Variations]"
Add component (AddParameter): Name = "PackageDescription"; Value = "Switch; 2 Leads"; VariantName = "[No Variations]"
Add component (AddParameter): Name = "PackageReference"; Value = "SPST-2"; VariantName = "[No Variations]"
Add component (AddParameter): Name = "Published"; Value = "24-Mar-1999"; VariantName = "[No Variations]"
Add component (AddParameter): Name = "Publisher"; Value = "Altium Limited"; VariantName = "[No Variations]"
Added Component: Designator=U?(SOT-223)
Added Component: Designator=VD1(DO214)
Added Component: Designator=VD1(DIODE)
Added Component: Designator=VD?(DO214)
Added Component: Designator=VD?(D0402)
Added Component: Designator=VD?(LED)
Added Component: Designator=VD?(LED)
Added Component: Designator=VD?(LED)
Added Component: Designator=VD?(LED)
Added Component: Designator=VT1(TO-92)
Added Component: Designator=VT?(TO-92)
Added Component: Designator=VT?(TO-92)
Added Component: Designator=VT?(TO-92)
Added Component: Designator=X?(47346-0001 (Molex, Micro USB))
Added Component: Designator=XP1(XT30PW-M)
Added Component: Designator=XP1(PLS-6)
Added Component: Designator=XP2(B5B-XH-A)
Added Component: Designator=XP2(PLS-6)
Added Component: Designator=XP3(62000611622)
Added Component: Designator=XP3(PLS-6)
Added Component: Designator=XP4(IDC-12)
Added Component: Designator=XP4(PLS-6)
Added Component: Designator=XP5(PLS-6)
Added Component: Designator=XP6(PLS(ESP32))
Added Component: Designator=XP6(PLS-6)
Added Component: Designator=XP7(XT30U-F)
Added Component: Designator=XP8(PLD-12)
Added Component: Designator=XP9(PLD-10)
Added Component: Designator=XP10(PLS-2)
Added Component: Designator=XP?(PLS-6)
Added Component: Designator=XP?(PLS-6)
Added Component: Designator=XP?(PLS-6)
Added Component: Designator=XP?(PLS-6)
Added Component: Designator=XP?(PLS-2)
Added Component: Designator=XP?(XT30U-F)
Added Component: Designator=XP?(PLS-6)
Added Component: Designator=XP?(PLD-10)
Added Pin To Net: NetName=GND Pin=*-1
Added Pin To Net: NetName=Net*_4 Pin=*-4
Added Pin To Net: NetName=Net*_5 Pin=*-5
Added Pin To Net: NetName=Net*_6 Pin=*-6
Added Pin To Net: NetName=DTR Pin=*-13
Added Pin To Net: NetName=RTS Pin=*-14
Added Pin To Net: NetName=3.3V Pin=C?-1
Added Pin To Net: NetName=3.3V Pin=C?-1
Added Pin To Net: NetName=+12 Pin=C?-1
Added Pin To Net: NetName=+12 Pin=C?-1
Added Pin To Net: NetName=BAT Pin=C?-1
Added Pin To Net: NetName=BAT Pin=C?-1
Added Pin To Net: NetName=EN Pin=C?-1
Added Pin To Net: NetName=GND Pin=C?-1
Added Pin To Net: NetName=GND Pin=C?-1
Added Pin To Net: NetName=Net*_4 Pin=C?-1
Added Pin To Net: NetName=NetC?_1 Pin=C?-1
Added Pin To Net: NetName=VS Pin=C?-1
Added Pin To Net: NetName=VS Pin=C?-1
Added Pin To Net: NetName=3.3V Pin=C?-2
Added Pin To Net: NetName=BAT Pin=C?-2
Added Pin To Net: NetName=BAT Pin=C?-2
Added Pin To Net: NetName=BAT Pin=C?-2
Added Pin To Net: NetName=GND Pin=C?-2
Added Pin To Net: NetName=GND Pin=C?-2
Added Pin To Net: NetName=GND Pin=C?-2
Added Pin To Net: NetName=GND Pin=C?-2
Added Pin To Net: NetName=GND Pin=C?-2
Added Pin To Net: NetName=GND Pin=C?-2
Added Pin To Net: NetName=GND Pin=C?-2
Added Pin To Net: NetName=GND Pin=C?-2
Added Pin To Net: NetName=GND Pin=C?-2
Added Pin To Net: NetName=NetR1_1 Pin=R1-1
Added Pin To Net: NetName=+12 Pin=R1-2
Added Pin To Net: NetName=NetR1_2 Pin=R1-2
Added Pin To Net: NetName=NetR2_2 Pin=R2-2
Added Pin To Net: NetName=NetR3_2 Pin=R3-2
Added Pin To Net: NetName=NetR4_2 Pin=R4-2
Added Pin To Net: NetName=NetR5_2 Pin=R5-2
Added Pin To Net: NetName=NetR6_2 Pin=R6-2
Added Pin To Net: NetName=BAT Pin=R?-1
Added Pin To Net: NetName=BAT Pin=R?-1
Added Pin To Net: NetName=BAT Pin=R?-1
Added Pin To Net: NetName=BAT Pin=R?-1
Added Pin To Net: NetName=GND Pin=R?-1
Added Pin To Net: NetName=NetR?_1 Pin=R?-1
Added Pin To Net: NetName=RX Pin=R?-1
Added Pin To Net: NetName=TX Pin=R?-1
Added Pin To Net: NetName=DTR Pin=R?-2
Added Pin To Net: NetName=EN Pin=R?-2
Added Pin To Net: NetName=FF1 Pin=R?-2
Added Pin To Net: NetName=FF2 Pin=R?-2
Added Pin To Net: NetName=FF3 Pin=R?-2
Added Pin To Net: NetName=FF4 Pin=R?-2
Added Pin To Net: NetName=FF5 Pin=R?-2
Added Pin To Net: NetName=NetR?_2 Pin=R?-2
Added Pin To Net: NetName=RTS Pin=R?-2
Added Pin To Net: NetName=VS Pin=R?-2
Added Pin To Net: NetName=BAT Pin=S?-1
Added Pin To Net: NetName=GND Pin=S?-1
Added Pin To Net: NetName=GND Pin=S?-1
Added Pin To Net: NetName=BAT Pin=S?-2
Added Pin To Net: NetName=EN Pin=S?-2
Added Pin To Net: NetName=IO0 Pin=S?-2
Added Pin To Net: NetName=BAT Pin=U?-1
Added Pin To Net: NetName=GND Pin=U?-2
Added Pin To Net: NetName=GND Pin=U?-2
Added Pin To Net: NetName=3.3V Pin=U?-3
Added Pin To Net: NetName=GND Pin=VD1-1
Added Pin To Net: NetName=BAT Pin=VD1-2
Added Pin To Net: NetName=LX Pin=VD1-2
Added Pin To Net: NetName=NetR1_1 Pin=VD?-1
Added Pin To Net: NetName=NetR1_1 Pin=VD?-1
Added Pin To Net: NetName=NetR?_2 Pin=VD?-1
Added Pin To Net: NetName=NetVD?_1 Pin=VD?-1
Added Pin To Net: NetName=BAT Pin=VD?-2
Added Pin To Net: NetName=BAT Pin=VD?-2
Added Pin To Net: NetName=IO0 Pin=VD?-2
Added Pin To Net: NetName=IO27 Pin=VD?-2
Added Pin To Net: NetName=NetU1_0 Pin=VD?-2
Added Pin To Net: NetName=GND Pin=VT1-3
Added Pin To Net: NetName=EN Pin=VT?-1
Added Pin To Net: NetName=IO0 Pin=VT?-1
Added Pin To Net: NetName=NetVD?_1 Pin=VT?-1
Added Pin To Net: NetName=NetR?_1 Pin=VT?-2
Added Pin To Net: NetName=DTR Pin=VT?-3
Added Pin To Net: NetName=GND Pin=VT?-3
Added Pin To Net: NetName=RTS Pin=VT?-3
Added Pin To Net: NetName=BAT Pin=X?-1
Added Pin To Net: NetName=Net*_6 Pin=X?-2
Added Pin To Net: NetName=Net*_5 Pin=X?-3
Added Pin To Net: NetName=GND Pin=X?-5
Added Pin To Net: NetName=GND Pin=X?-6
Added Pin To Net: NetName=GND Pin=X?-7
Added Pin To Net: NetName=BAT Pin=XP1-1
Added Pin To Net: NetName=GND Pin=XP1-1
Added Pin To Net: NetName=BAT Pin=XP1-2
Added Pin To Net: NetName=GND Pin=XP1-2
Added Pin To Net: NetName=NetXP1_3 Pin=XP1-3
Added Pin To Net: NetName=NetXP1_4 Pin=XP1-4
Added Pin To Net: NetName=NetXP1_5 Pin=XP1-5
Added Pin To Net: NetName=NetXP1_6 Pin=XP1-6
Added Pin To Net: NetName=BAT Pin=XP2-1
Added Pin To Net: NetName=FF1 Pin=XP2-1
Added Pin To Net: NetName=FF2 Pin=XP2-2
Added Pin To Net: NetName=GND Pin=XP2-2
Added Pin To Net: NetName=FF3 Pin=XP2-3
Added Pin To Net: NetName=NetXP2_3 Pin=XP2-3
Added Pin To Net: NetName=FF4 Pin=XP2-4
Added Pin To Net: NetName=NetXP2_4 Pin=XP2-4
Added Pin To Net: NetName=FF5 Pin=XP2-5
Added Pin To Net: NetName=NetXP2_5 Pin=XP2-5
Added Pin To Net: NetName=NetXP1_6 Pin=XP2-6
Added Pin To Net: NetName=BAT Pin=XP3-1
Added Pin To Net: NetName=TE Pin=XP3-1
Added Pin To Net: NetName=GND Pin=XP3-2
Added Pin To Net: NetName=IE Pin=XP3-2
Added Pin To Net: NetName=ME Pin=XP3-3
Added Pin To Net: NetName=NetXP3_3 Pin=XP3-3
Added Pin To Net: NetName=NetXP3_4 Pin=XP3-4
Added Pin To Net: NetName=RE Pin=XP3-4
Added Pin To Net: NetName=NetXP3_5 Pin=XP3-5
Added Pin To Net: NetName=PE Pin=XP3-5
Added Pin To Net: NetName=NetXP1_6 Pin=XP3-6
Added Pin To Net: NetName=VREF Pin=XP3-6
Added Pin To Net: NetName=BAT Pin=XP4-1
Added Pin To Net: NetName=TM1 Pin=XP4-1
Added Pin To Net: NetName=GND Pin=XP4-2
Added Pin To Net: NetName=TM2 Pin=XP4-2
Added Pin To Net: NetName=IM1 Pin=XP4-3
Added Pin To Net: NetName=NetXP4_3 Pin=XP4-3
Added Pin To Net: NetName=IM2 Pin=XP4-4
Added Pin To Net: NetName=NetXP4_4 Pin=XP4-4
Added Pin To Net: NetName=MM1 Pin=XP4-5
Added Pin To Net: NetName=NetXP4_5 Pin=XP4-5
Added Pin To Net: NetName=MM2 Pin=XP4-6
Added Pin To Net: NetName=NetXP1_6 Pin=XP4-6
Added Pin To Net: NetName=RM1 Pin=XP4-7
Added Pin To Net: NetName=RM2 Pin=XP4-8
Added Pin To Net: NetName=PM1 Pin=XP4-9
Added Pin To Net: NetName=PM2 Pin=XP4-10
Added Pin To Net: NetName=BAT Pin=XP5-1
Added Pin To Net: NetName=GND Pin=XP5-2
Added Pin To Net: NetName=NetXP5_3 Pin=XP5-3
Added Pin To Net: NetName=NetXP5_4 Pin=XP5-4
Added Pin To Net: NetName=NetXP5_5 Pin=XP5-5
Added Pin To Net: NetName=NetXP1_6 Pin=XP5-6
Added Pin To Net: NetName=NetXP1_5 Pin=XP6-1
Added Pin To Net: NetName=VREF Pin=XP6-1
Added Pin To Net: NetName=NetXP2_5 Pin=XP6-2
Added Pin To Net: NetName=FF1 Pin=XP6-3
Added Pin To Net: NetName=NetXP3_5 Pin=XP6-3
Added Pin To Net: NetName=FF2 Pin=XP6-4
Added Pin To Net: NetName=NetXP4_5 Pin=XP6-4
Added Pin To Net: NetName=FF3 Pin=XP6-5
Added Pin To Net: NetName=NetXP5_5 Pin=XP6-5
Added Pin To Net: NetName=FF4 Pin=XP6-6
Added Pin To Net: NetName=NetXP1_6 Pin=XP6-6
Added Pin To Net: NetName=FF5 Pin=XP6-7
Added Pin To Net: NetName=TM1 Pin=XP6-8
Added Pin To Net: NetName=IM1 Pin=XP6-9
Added Pin To Net: NetName=RE Pin=XP6-10
Added Pin To Net: NetName=ME Pin=XP6-11
Added Pin To Net: NetName=IE Pin=XP6-12
Added Pin To Net: NetName=TM2 Pin=XP6-13
Added Pin To Net: NetName=TE Pin=XP6-15
Added Pin To Net: NetName=GND Pin=XP6-18
Added Pin To Net: NetName=BAT Pin=XP6-19
Added Pin To Net: NetName=PE Pin=XP6-26
Added Pin To Net: NetName=PM2 Pin=XP6-27
Added Pin To Net: NetName=PM1 Pin=XP6-28
Added Pin To Net: NetName=MM2 Pin=XP6-30
Added Pin To Net: NetName=MM1 Pin=XP6-31
Added Pin To Net: NetName=RM2 Pin=XP6-33
Added Pin To Net: NetName=RM1 Pin=XP6-36
Added Pin To Net: NetName=IM2 Pin=XP6-37
Added Pin To Net: NetName=GND Pin=XP7-1
Added Pin To Net: NetName=BAT Pin=XP7-2
Added Pin To Net: NetName=NetXP1_3 Pin=XP8-1
Added Pin To Net: NetName=NetXP1_4 Pin=XP8-2
Added Pin To Net: NetName=NetXP2_3 Pin=XP8-3
Added Pin To Net: NetName=NetXP2_4 Pin=XP8-4
Added Pin To Net: NetName=NetXP3_3 Pin=XP8-5
Added Pin To Net: NetName=NetXP3_4 Pin=XP8-6
Added Pin To Net: NetName=NetXP4_3 Pin=XP8-7
Added Pin To Net: NetName=NetXP4_4 Pin=XP8-8
Added Pin To Net: NetName=NetXP5_3 Pin=XP8-9
Added Pin To Net: NetName=NetXP5_4 Pin=XP8-10
Added Pin To Net: NetName=NetR6_2 Pin=XP8-11
Added Pin To Net: NetName=BAT Pin=XP9-1
Added Pin To Net: NetName=NetR1_2 Pin=XP9-2
Added Pin To Net: NetName=BAT Pin=XP9-3
Added Pin To Net: NetName=NetR2_2 Pin=XP9-4
Added Pin To Net: NetName=BAT Pin=XP9-5
Added Pin To Net: NetName=NetR3_2 Pin=XP9-6
Added Pin To Net: NetName=BAT Pin=XP9-7
Added Pin To Net: NetName=NetR4_2 Pin=XP9-8
Added Pin To Net: NetName=BAT Pin=XP9-9
Added Pin To Net: NetName=NetR5_2 Pin=XP9-10
Added Pin To Net: NetName=BAT Pin=XP10-1
Added Pin To Net: NetName=BAT Pin=XP?-1
Added Pin To Net: NetName=BAT Pin=XP?-1
Added Pin To Net: NetName=BAT Pin=XP?-1
Added Pin To Net: NetName=BAT Pin=XP?-1
Added Pin To Net: NetName=BAT Pin=XP?-1
Added Pin To Net: NetName=BAT Pin=XP?-1
Added Pin To Net: NetName=GND Pin=XP?-1
Added Pin To Net: NetName=FF1 Pin=XP?-2
Added Pin To Net: NetName=GND Pin=XP?-2
Added Pin To Net: NetName=GND Pin=XP?-2
Added Pin To Net: NetName=GND Pin=XP?-2
Added Pin To Net: NetName=GND Pin=XP?-2
Added Pin To Net: NetName=GND Pin=XP?-2
Added Pin To Net: NetName=NetVD?_1 Pin=XP?-2
Added Pin To Net: NetName=BAT Pin=XP?-3
Added Pin To Net: NetName=IM1 Pin=XP?-3
Added Pin To Net: NetName=MM1 Pin=XP?-3
Added Pin To Net: NetName=PM1 Pin=XP?-3
Added Pin To Net: NetName=RM1 Pin=XP?-3
Added Pin To Net: NetName=TM1 Pin=XP?-3
Added Pin To Net: NetName=FF2 Pin=XP?-4
Added Pin To Net: NetName=IM2 Pin=XP?-4
Added Pin To Net: NetName=MM2 Pin=XP?-4
Added Pin To Net: NetName=PM2 Pin=XP?-4
Added Pin To Net: NetName=RM2 Pin=XP?-4
Added Pin To Net: NetName=TM2 Pin=XP?-4
Added Pin To Net: NetName=BAT Pin=XP?-5
Added Pin To Net: NetName=IE Pin=XP?-5
Added Pin To Net: NetName=ME Pin=XP?-5
Added Pin To Net: NetName=PE Pin=XP?-5
Added Pin To Net: NetName=RE Pin=XP?-5
Added Pin To Net: NetName=TE Pin=XP?-5
Added Pin To Net: NetName=3.3V Pin=XP?-6
Added Pin To Net: NetName=3.3V Pin=XP?-6
Added Pin To Net: NetName=3.3V Pin=XP?-6
Added Pin To Net: NetName=3.3V Pin=XP?-6
Added Pin To Net: NetName=3.3V Pin=XP?-6
Added Pin To Net: NetName=FF3 Pin=XP?-6
Added Pin To Net: NetName=BAT Pin=XP?-7
Added Pin To Net: NetName=FF4 Pin=XP?-8
Added Pin To Net: NetName=BAT Pin=XP?-9
Added Pin To Net: NetName=FF5 Pin=XP?-10
Added Pin To Net: NetName=NetVT1_1 Pin=VT1-1
Added Pin To Net: NetName=NetVT1_1 Pin=XP10-2
Added Net: Name=NetVT1_1
Added Member To Class: ClassName=Sheet3 Member=Component * CH340C
Added Member To Class: ClassName=Sheet4 Member=Component C1 Cap
Added Member To Class: ClassName=Sheet4 Member=Component C2 Cap
Added Member To Class: ClassName=Sheet4 Member=Component C3 Cap
Added Member To Class: ClassName=Sheet4 Member=Component C4 Cap
Added Member To Class: ClassName=Sheet4 Member=Component C5 Cap+
Added Member To Class: ClassName=Sheet4 Member=Component C6 Cap
Added Member To Class: ClassName=Sheet4 Member=Component C7 Cap
Added Member To Class: ClassName=Sheet4 Member=Component C8 Cap
Added Member To Class: ClassName=Sheet4 Member=Component C9 Cap
Added Member To Class: ClassName=Sheet4 Member=Component C10 Cap
Added Member To Class: ClassName=Sheet4 Member=Component C11 Cap
Added Member To Class: ClassName=Sheet4 Member=Component C12 Cap
Added Member To Class: ClassName=Sheet4 Member=Component C13 Cap
Added Member To Class: ClassName=Sheet2 Member=Component C? Cap
Added Member To Class: ClassName=Sheet2 Member=Component C? Cap
Added Member To Class: ClassName=Sheet2 Member=Component C? Cap
Added Member To Class: ClassName=Sheet2 Member=Component C? Cap
Added Member To Class: ClassName=Sheet2 Member=Component C? Cap+
Added Member To Class: ClassName=Sheet2 Member=Component C? Cap
Added Member To Class: ClassName=Sheet2 Member=Component C? Cap
Added Member To Class: ClassName=Sheet3 Member=Component C? Cap
Added Member To Class: ClassName=Sheet3 Member=Component C? Cap
Added Member To Class: ClassName=Sheet3 Member=Component C? Cap
Added Member To Class: ClassName=Sheet3 Member=Component C? Cap
Added Member To Class: ClassName=Sheet3 Member=Component C? Cap
Added Member To Class: ClassName=Sheet3 Member=Component C? Cap
Added Member To Class: ClassName=Sheet1 Member=Component R1 res
Added Member To Class: ClassName=Sheet2 Member=Component R1 res
Added Member To Class: ClassName=Sheet1 Member=Component R2 res
Added Member To Class: ClassName=Sheet1 Member=Component R3 res
Added Member To Class: ClassName=Sheet1 Member=Component R4 res
Added Member To Class: ClassName=Sheet1 Member=Component R5 res
Added Member To Class: ClassName=Sheet1 Member=Component R6 res
Added Member To Class: ClassName=Sheet4 Member=Component R7 res
Added Member To Class: ClassName=Sheet4 Member=Component R8 res
Added Member To Class: ClassName=Sheet4 Member=Component R9 res
Added Member To Class: ClassName=Sheet4 Member=Component R10 res
Added Member To Class: ClassName=Sheet4 Member=Component R11 res
Added Member To Class: ClassName=Sheet4 Member=Component R12 res
Added Member To Class: ClassName=Sheet4 Member=Component R13 res
Added Member To Class: ClassName=Sheet4 Member=Component R14 res
Added Member To Class: ClassName=Sheet4 Member=Component R15 res
Added Member To Class: ClassName=Sheet4 Member=Component R16 res
Added Member To Class: ClassName=Sheet4 Member=Component R17 res
Added Member To Class: ClassName=Sheet4 Member=Component R18 res
Added Member To Class: ClassName=Sheet4 Member=Component R19 res
Added Member To Class: ClassName=Sheet4 Member=Component R20 res
Added Member To Class: ClassName=Sheet4 Member=Component R21 res
Added Member To Class: ClassName=Sheet4 Member=Component R22 res
Added Member To Class: ClassName=Sheet2 Member=Component R? res
Added Member To Class: ClassName=Sheet3 Member=Component R? res
Added Member To Class: ClassName=Sheet3 Member=Component R? res
Added Member To Class: ClassName=Sheet3 Member=Component R? res
Added Member To Class: ClassName=Sheet3 Member=Component R? res
Added Member To Class: ClassName=Sheet3 Member=Component R? res
Added Member To Class: ClassName=Sheet3 Member=Component R? res
Added Member To Class: ClassName=Sheet3 Member=Component R? res
Added Member To Class: ClassName=Sheet3 Member=Component R? res
Added Member To Class: ClassName=Sheet3 Member=Component R? res
Added Member To Class: ClassName=Sheet3 Member=Component R? res
Added Member To Class: ClassName=Sheet3 Member=Component R? res
Added Member To Class: ClassName=Sheet3 Member=Component R? res
Added Member To Class: ClassName=Sheet3 Member=Component R? res
Added Member To Class: ClassName=Sheet3 Member=Component R? res
Added Member To Class: ClassName=Sheet4 Member=Component S1 SW-PB
Added Member To Class: ClassName=Sheet4 Member=Component S2 SW-PB
Added Member To Class: ClassName=Sheet4 Member=Component S3 Key
Added Member To Class: ClassName=Sheet3 Member=Component S? Key
Added Member To Class: ClassName=Sheet3 Member=Component S? SW-PB
Added Member To Class: ClassName=Sheet3 Member=Component S? SW-PB
Added Member To Class: ClassName=Sheet4 Member=Component U4 CH340C
Added Member To Class: ClassName=Sheet4 Member=Component U6 AMS1117
Added Member To Class: ClassName=Sheet3 Member=Component U? AMS1117
Added Member To Class: ClassName=Sheet1 Member=Component VD1 VD
Added Member To Class: ClassName=Sheet2 Member=Component VD1 Schottky diode
Added Member To Class: ClassName=Sheet4 Member=Component VD2 VD
Added Member To Class: ClassName=Sheet4 Member=Component VD3 Led
Added Member To Class: ClassName=Sheet4 Member=Component VD4 Led
Added Member To Class: ClassName=Sheet4 Member=Component VD5 Led
Added Member To Class: ClassName=Sheet4 Member=Component VD6 Led
Added Member To Class: ClassName=Sheet4 Member=Component VD7 Schottky diode
Added Member To Class: ClassName=Sheet4 Member=Component VD8 Schottky diode
Added Member To Class: ClassName=Sheet2 Member=Component VD? Led
Added Member To Class: ClassName=Sheet2 Member=Component VD? Led
Added Member To Class: ClassName=Sheet3 Member=Component VD? Schottky diode
Added Member To Class: ClassName=Sheet3 Member=Component VD? VD
Added Member To Class: ClassName=Sheet3 Member=Component VD? Led
Added Member To Class: ClassName=Sheet3 Member=Component VD? Led
Added Member To Class: ClassName=Sheet1 Member=Component VT1 npn
Added Member To Class: ClassName=Sheet4 Member=Component VT2 npn
Added Member To Class: ClassName=Sheet4 Member=Component VT3 npn
Added Member To Class: ClassName=Sheet4 Member=Component VT4 npn
Added Member To Class: ClassName=Sheet3 Member=Component VT? npn
Added Member To Class: ClassName=Sheet3 Member=Component VT? npn
Added Member To Class: ClassName=Sheet3 Member=Component VT? npn
Added Member To Class: ClassName=Sheet4 Member=Component X1 47346-0001 (Molex, Micro USB)
Added Member To Class: ClassName=Sheet4 Member=Component X2 DS-210
Added Member To Class: ClassName=Sheet3 Member=Component X? 47346-0001 (Molex, Micro USB)
Added Member To Class: ClassName=Sheet1 Member=Component XP1 SERV1
Added Member To Class: ClassName=Sheet2 Member=Component XP1 POWER
Added Member To Class: ClassName=Sheet1 Member=Component XP2 SERV2
Added Member To Class: ClassName=Sheet2 Member=Component XP2 FORSE
Added Member To Class: ClassName=Sheet1 Member=Component XP3 SERV3
Added Member To Class: ClassName=Sheet2 Member=Component XP3 SIGN
Added Member To Class: ClassName=Sheet1 Member=Component XP4 SERV4
Added Member To Class: ClassName=Sheet2 Member=Component XP4 DRIVER
Added Member To Class: ClassName=Sheet1 Member=Component XP5 SERV5
Added Member To Class: ClassName=Sheet1 Member=Component XP6 SIGN
Added Member To Class: ClassName=Sheet2 Member=Component XP6 PLS-19x2(ESP32)
Added Member To Class: ClassName=Sheet1 Member=Component XP7 XT30PW-M
Added Member To Class: ClassName=Sheet1 Member=Component XP8 DRIVER
Added Member To Class: ClassName=Sheet1 Member=Component XP9 FInger_force
Added Member To Class: ClassName=Sheet1 Member=Component XP10 VIBRO_M
Added Member To Class: ClassName=Sheet4 Member=Component XP11 T_SERV1
Added Member To Class: ClassName=Sheet4 Member=Component XP12 I_SERV2
Added Member To Class: ClassName=Sheet4 Member=Component XP13 VIBRO_M
Added Member To Class: ClassName=Sheet4 Member=Component XP14 M_SERV3
Added Member To Class: ClassName=Sheet4 Member=Component XP15 FInger_force
Added Member To Class: ClassName=Sheet4 Member=Component XP16 R_SERV4
Added Member To Class: ClassName=Sheet4 Member=Component XP17 P_SERV5
Added Member To Class: ClassName=Sheet4 Member=Component XP18 XT30PW-M
Added Member To Class: ClassName=Sheet3 Member=Component XP? P_SERV5
Added Member To Class: ClassName=Sheet3 Member=Component XP? T_SERV1
Added Member To Class: ClassName=Sheet3 Member=Component XP? M_SERV3
Added Member To Class: ClassName=Sheet3 Member=Component XP? I_SERV2
Added Member To Class: ClassName=Sheet3 Member=Component XP? VIBRO_M
Added Member To Class: ClassName=Sheet3 Member=Component XP? XT30PW-M
Added Member To Class: ClassName=Sheet3 Member=Component XP? R_SERV4
Added Member To Class: ClassName=Sheet3 Member=Component XP? FInger_force
Added Room: Name=Sheet1
Added Room: Name=Sheet2
Added Room: Name=Sheet3
Added Room: Name=Sheet4
