Removed Pin From Net: NetName=BAT Pin=R11-1
Removed Pin From Net: NetName=BAT Pin=R12-1
Removed Pin From Net: NetName=BAT Pin=R13-1
Removed Pin From Net: NetName=GND Pin=U3-1
Removed Pin From Net: NetName=3.3V Pin=U3-2
Removed Pin From Net: NetName=EN Pin=U3-3
Removed Pin From Net: NetName=FF1 Pin=U3-4
Removed Pin From Net: NetName=FF2 Pin=U3-5
Removed Pin From Net: NetName=FF3 Pin=U3-6
Removed Pin From Net: NetName=FF4 Pin=U3-7
Removed Pin From Net: NetName=FF5 Pin=U3-8
Removed Pin From Net: NetName=TM2 Pin=U3-9
Removed Pin From Net: NetName=IM2 Pin=U3-10
Removed Pin From Net: NetName=RE Pin=U3-11
Removed Pin From Net: NetName=ME Pin=U3-12
Removed Pin From Net: NetName=IE Pin=U3-13
Removed Pin From Net: NetName=TM1 Pin=U3-14
Removed Pin From Net: NetName=GND Pin=U3-15
Removed Pin From Net: NetName=TE Pin=U3-16
Removed Pin From Net: NetName=PE Pin=U3-26
Removed Pin From Net: NetName=PM1 Pin=U3-27
Removed Pin From Net: NetName=PM2 Pin=U3-28
Removed Pin From Net: NetName=VIBRO_M Pin=U3-29
Removed Pin From Net: NetName=MM1 Pin=U3-30
Removed Pin From Net: NetName=MM2 Pin=U3-31
Removed Pin From Net: NetName=RM1 Pin=U3-33
Removed Pin From Net: NetName=NetR9_2 Pin=U3-34
Removed Pin From Net: NetName=NetR7_2 Pin=U3-35
Removed Pin From Net: NetName=RM2 Pin=U3-36
Removed Pin From Net: NetName=IM1 Pin=U3-37
Removed Pin From Net: NetName=GND Pin=U3-38
Removed Pin From Net: NetName=GND Pin=U3-39
Removed Pin From Net: NetName=GND Pin=U3-39
Removed Pin From Net: NetName=GND Pin=U3-39
Removed Pin From Net: NetName=GND Pin=U3-39
Removed Pin From Net: NetName=GND Pin=U3-39
Removed Pin From Net: NetName=GND Pin=U3-39
Removed Pin From Net: NetName=GND Pin=U3-39
Removed Pin From Net: NetName=GND Pin=U3-39
Removed Pin From Net: NetName=GND Pin=U3-39
Removed Member From Class: ClassName=Sheet4 Member=R15
Change Component Footprint: Designator=C1 Old Footprint=C0805 New Footprint=C0603
Change Component Footprint: Designator=C2 Old Footprint=C0805 New Footprint=C0603
Change Component Footprint: Designator=C3 Old Footprint=C0805 New Footprint=C0603
Change Component Footprint: Designator=C10 Old Footprint=C0805 New Footprint=R0603
Change Component Footprint: Designator=C11 Old Footprint=C0805 New Footprint=R0603
Change Component Footprint: Designator=VD2 Old Footprint=D0402 New Footprint=SOD-123
Change Component Footprint: Designator=VD8 Old Footprint=DO214 New Footprint=SOD-323
Change Component Footprint: Designator=VD4 Old Footprint=LED New Footprint=D0805
Change Component Footprint: Designator=R7 Old Footprint=R0805 New Footprint=R0603
Change Component Footprint: Designator=R8 Old Footprint=R0805 New Footprint=R0603
Change Component Footprint: Designator=R9 Old Footprint=R0805 New Footprint=R0603
Change Component Footprint: Designator=R10 Old Footprint=R0805 New Footprint=R0603
Change Component Footprint: Designator=R12 Old Footprint=R0805 New Footprint=R0603
Change Component Footprint: Designator=R13 Old Footprint=R0805 New Footprint=R0603
Change Component Footprint: Designator=R14 Old Footprint=R0805 New Footprint=R0603
Change Component Footprint: Designator=R15 Old Footprint=R0805 New Footprint=R0603
Change Component Footprint: Designator=S1 Old Footprint=TD-06XG New Footprint=SW4*3
Change Component Footprint: Designator=S2 Old Footprint=TD-06XG New Footprint=SW4*3
Change Component Footprint: Designator=VT3 Old Footprint=TO-92 New Footprint=SOT-23-3
Change Component Footprint: Designator=VT4 Old Footprint=TO-92 New Footprint=SOT-23-3
Change Component Comment : Designator=C10 Old Comment=Cap New Comment=10uF
Change Component Comment : Designator=C11 Old Comment=Cap New Comment=10uF
Change Component Comment : Designator=C2 Old Comment=Cap New Comment=100nF
Change Component Comment : Designator=C3 Old Comment=Cap New Comment=100nF
Change Component Comment : Designator=C4 Old Comment=Cap New Comment=100nF
Change Component Comment : Designator=C1 Old Comment=Cap New Comment=100uF
Change Component Comment : Designator=S3 Old Comment=Key New Comment=POWER
Change Component Comment : Designator=VT3 Old Comment=npn New Comment=S8050(NPN)
Change Component Comment : Designator=VT4 Old Comment=npn New Comment=S8050(NPN)
Change Component Comment : Designator=R8 Old Comment=res New Comment=1K
Change Component Comment : Designator=R12 Old Comment=res New Comment=2K
Change Component Comment : Designator=R10 Old Comment=res New Comment=10K
Change Component Comment : Designator=R13 Old Comment=res New Comment=10K
Change Component Comment : Designator=R14 Old Comment=res New Comment=10K
Change Component Comment : Designator=R15 Old Comment=res New Comment=10K
Change Component Comment : Designator=R7 Old Comment=res New Comment=470
Change Component Comment : Designator=R9 Old Comment=res New Comment=470
Change Component Comment : Designator=VD8 Old Comment=Schottky diode New Comment=B5819WS
Change Component Comment : Designator=S2 Old Comment=SW-PB New Comment=BOOT
Change Component Comment : Designator=S1 Old Comment=SW-PB New Comment=EN
Change Component Designator: OldDesignator=C10 NewDesignator=C9
Change Component Designator: OldDesignator=C11 NewDesignator=C10
Change Component Designator: OldDesignator=R8 NewDesignator=R8*
Change Component Designator: OldDesignator=R10 NewDesignator=R10*
Change Component Designator: OldDesignator=R12 NewDesignator=R11
Change Component Designator: OldDesignator=R13 NewDesignator=R12
Change Component Designator: OldDesignator=R14 NewDesignator=R13
Change Component Designator: OldDesignator=R15 NewDesignator=R14
Change Component Designator: OldDesignator=R16 NewDesignator=R15*
Change Component Designator: OldDesignator=R17 NewDesignator=R16*
Change Component Designator: OldDesignator=R18 NewDesignator=R17*
Change Component Designator: OldDesignator=R19 NewDesignator=R18*
Change Component Designator: OldDesignator=R20 NewDesignator=R19*
Change Component Designator: OldDesignator=VD2 NewDesignator=VD2*
Change Component Designator: OldDesignator=VD4 NewDesignator=VD3
Change Component Designator: OldDesignator=VT2 NewDesignator=VT2*
Change Component Designator: OldDesignator=XP18 NewDesignator=XP19
Change component parameters: Designator = "S1" ("S1"); Footprint = "TD-06XG"; UniqueID = "\KIRKQIYQ" ("\KIRKQIYQ")
Change component parameters: Designator = "S2" ("S2"); Footprint = "TD-06XG"; UniqueID = "\FVWBQHFC" ("\FVWBQHFC")
Added Component: Designator=*(SO-16)
Added Component: Designator=C5(C_EL_10)
Added Component: Designator=C6(CAP)
Added Component: Designator=C7(C0805)
Added Component: Designator=C8(C0805)
Added Component: Designator=C11(C0805)
Added Component: Designator=C12(C0805)
Added Component: Designator=C13(C0805)
Added Component: Designator=C?(C0805)
Added Component: Designator=C?(C0805)
Added Component: Designator=C?(C0805)
Added Component: Designator=C?(C0805)
Added Component: Designator=C?(C0805)
Added Component: Designator=C?(C0805)
Added Component: Designator=C?(C0805)
Added Component: Designator=C?(C0805)
Added Component: Designator=C?(CAP)
Added Component: Designator=C?(C_EL_10)
Added Component: Designator=C?(C0805)
Added Component: Designator=C?(C0805)
Added Component: Designator=C?(C0805)
Added Component: Designator=R1(RES)
Added Component: Designator=R1(RES)
Added Component: Designator=R2(RES)
Added Component: Designator=R3(RES)
Added Component: Designator=R4(RES)
Added Component: Designator=R5(RES)
Added Component: Designator=R6(RES)
Added Component: Designator=R20(R0805)
Added Component: Designator=R21(R0603)
Added Component: Designator=R22(R0805)
Added Component: Designator=R?(R0805)
Added Component: Designator=R?(R0805)
Added Component: Designator=R?(R0805)
Added Component: Designator=R?(R0805)
Added Component: Designator=R?(R0805)
Added Component: Designator=R?(R0805)
Added Component: Designator=R?(R0805)
Added Component: Designator=R?(R0805)
Added Component: Designator=R?(R0805)
Added Component: Designator=R?(R0805)
Added Component: Designator=R?(R0805)
Added Component: Designator=R?(R0805)
Added Component: Designator=R?(R0805)
Added Component: Designator=R?(R0805)
Added Component: Designator=R?(R0805)
Added Component: Designator=S?(SPST-2)
Add component (AddParameter): Name = "LatestRevisionDate"; Value = "17-Jul-2002"; VariantName = "[No Variations]"
Add component (AddParameter): Name = "LatestRevisionNote"; Value = "Re-released for DXP Platform."; VariantName = "[No Variations]"
Add component (AddParameter): Name = "PackageDescription"; Value = "Switch; 2 Leads"; VariantName = "[No Variations]"
Add component (AddParameter): Name = "PackageReference"; Value = "SPST-2"; VariantName = "[No Variations]"
Add component (AddParameter): Name = "Published"; Value = "24-Mar-1999"; VariantName = "[No Variations]"
Add component (AddParameter): Name = "Publisher"; Value = "Altium Limited"; VariantName = "[No Variations]"
Added Component: Designator=S?(SPST-2)
Add component (AddParameter): Name = "LatestRevisionDate"; Value = "17-Jul-2002"; VariantName = "[No Variations]"
Add component (AddParameter): Name = "LatestRevisionNote"; Value = "Re-released for DXP Platform."; VariantName = "[No Variations]"
Add component (AddParameter): Name = "PackageDescription"; Value = "Switch; 2 Leads"; VariantName = "[No Variations]"
Add component (AddParameter): Name = "PackageReference"; Value = "SPST-2"; VariantName = "[No Variations]"
Add component (AddParameter): Name = "Published"; Value = "24-Mar-1999"; VariantName = "[No Variations]"
Add component (AddParameter): Name = "Publisher"; Value = "Altium Limited"; VariantName = "[No Variations]"
Added Component: Designator=S?(Key)
Added Component: Designator=U1(QFN-16)
Added Component: Designator=U5(QFN-16)
Added Component: Designator=U?(SOT-223)
Added Component: Designator=VD1(DO214)
Added Component: Designator=VD1(DIODE)
Added Component: Designator=VD4(LED)
Added Component: Designator=VD5(LED)
Added Component: Designator=VD6(DO214)
Added Component: Designator=VD7(D0805)
Added Component: Designator=VD?(LED)
Added Component: Designator=VD?(DO214)
Added Component: Designator=VD?(LED)
Added Component: Designator=VD?(D0402)
Added Component: Designator=VD?(LED)
Added Component: Designator=VD?(LED)
Added Component: Designator=VT1(TO-92)
Added Component: Designator=VT?(TO-92)
Added Component: Designator=VT?(TO-92)
Added Component: Designator=VT?(TO-92)
Added Component: Designator=X?(47346-0001 (Molex, Micro USB))
Added Component: Designator=XP1(XT30PW-M)
Added Component: Designator=XP1(PLS-6)
Added Component: Designator=XP2(B5B-XH-A)
Added Component: Designator=XP2(PLS-6)
Added Component: Designator=XP3(62000611622)
Added Component: Designator=XP3(PLS-6)
Added Component: Designator=XP4(IDC-12)
Added Component: Designator=XP4(PLS-6)
Added Component: Designator=XP5(PLS-6)
Added Component: Designator=XP6(PLS(ESP32))
Added Component: Designator=XP6(PLS-6)
Added Component: Designator=XP7(XT30U-F)
Added Component: Designator=XP8(PLD-12)
Added Component: Designator=XP9(PLD-10)
Added Component: Designator=XP10(PLS-2)
Added Component: Designator=XP18(XT30U-F)
Added Component: Designator=XP?(XT30U-F)
Added Component: Designator=XP?(PLS-6)
Added Component: Designator=XP?(PLD-10)
Added Component: Designator=XP?(PLS-6)
Added Component: Designator=XP?(PLS-6)
Added Component: Designator=XP?(PLS-6)
Added Component: Designator=XP?(PLS-6)
Added Component: Designator=XP?(PLS-2)
Added Pin To Net: NetName=GND Pin=*-1
Added Pin To Net: NetName=Net*_4 Pin=*-4
Added Pin To Net: NetName=Net*_5 Pin=*-5
Added Pin To Net: NetName=Net*_6 Pin=*-6
Added Pin To Net: NetName=+12 Pin=C5-1
Added Pin To Net: NetName=GND Pin=C5-2
Added Pin To Net: NetName=+12 Pin=C6-1
Added Pin To Net: NetName=GND Pin=C6-2
Added Pin To Net: NetName=NetC7_1 Pin=C7-1
Added Pin To Net: NetName=GND Pin=C7-2
Added Pin To Net: NetName=NetC8_1 Pin=C8-1
Added Pin To Net: NetName=BAT Pin=C8-2
Added Pin To Net: NetName=NetC8_1 Pin=C11-1
Added Pin To Net: NetName=BAT Pin=C11-2
Added Pin To Net: NetName=BAT Pin=C12-1
Added Pin To Net: NetName=GND Pin=C12-2
Added Pin To Net: NetName=BAT Pin=C13-1
Added Pin To Net: NetName=GND Pin=C13-2
Added Pin To Net: NetName=3.3V Pin=C?-1
Added Pin To Net: NetName=3.3V Pin=C?-1
Added Pin To Net: NetName=+12 Pin=C?-1
Added Pin To Net: NetName=+12 Pin=C?-1
Added Pin To Net: NetName=BAT Pin=C?-1
Added Pin To Net: NetName=BAT Pin=C?-1
Added Pin To Net: NetName=EN Pin=C?-1
Added Pin To Net: NetName=GND Pin=C?-1
Added Pin To Net: NetName=GND Pin=C?-1
Added Pin To Net: NetName=Net*_4 Pin=C?-1
Added Pin To Net: NetName=NetC?_1 Pin=C?-1
Added Pin To Net: NetName=VS Pin=C?-1
Added Pin To Net: NetName=VS Pin=C?-1
Added Pin To Net: NetName=3.3V Pin=C?-2
Added Pin To Net: NetName=BAT Pin=C?-2
Added Pin To Net: NetName=BAT Pin=C?-2
Added Pin To Net: NetName=BAT Pin=C?-2
Added Pin To Net: NetName=GND Pin=C?-2
Added Pin To Net: NetName=GND Pin=C?-2
Added Pin To Net: NetName=GND Pin=C?-2
Added Pin To Net: NetName=GND Pin=C?-2
Added Pin To Net: NetName=GND Pin=C?-2
Added Pin To Net: NetName=GND Pin=C?-2
Added Pin To Net: NetName=GND Pin=C?-2
Added Pin To Net: NetName=GND Pin=C?-2
Added Pin To Net: NetName=GND Pin=C?-2
Added Pin To Net: NetName=NetR1_1 Pin=R1-1
Added Pin To Net: NetName=+12 Pin=R1-2
Added Pin To Net: NetName=NetR1_2 Pin=R1-2
Added Pin To Net: NetName=NetR2_2 Pin=R2-2
Added Pin To Net: NetName=NetR3_2 Pin=R3-2
Added Pin To Net: NetName=NetR4_2 Pin=R4-2
Added Pin To Net: NetName=NetR5_2 Pin=R5-2
Added Pin To Net: NetName=NetR6_2 Pin=R6-2
Added Pin To Net: NetName=3.3V Pin=R11-1
Added Pin To Net: NetName=3.3V Pin=R12-1
Added Pin To Net: NetName=+12 Pin=R20-2
Added Pin To Net: NetName=BAT Pin=R21-1
Added Pin To Net: NetName=BAT Pin=R22-1
Added Pin To Net: NetName=NetC8_1 Pin=R22-2
Added Pin To Net: NetName=BAT Pin=R?-1
Added Pin To Net: NetName=BAT Pin=R?-1
Added Pin To Net: NetName=BAT Pin=R?-1
Added Pin To Net: NetName=BAT Pin=R?-1
Added Pin To Net: NetName=GND Pin=R?-1
Added Pin To Net: NetName=NetR?_1 Pin=R?-1
Added Pin To Net: NetName=DTR Pin=R?-2
Added Pin To Net: NetName=EN Pin=R?-2
Added Pin To Net: NetName=FF1 Pin=R?-2
Added Pin To Net: NetName=FF2 Pin=R?-2
Added Pin To Net: NetName=FF3 Pin=R?-2
Added Pin To Net: NetName=FF4 Pin=R?-2
Added Pin To Net: NetName=FF5 Pin=R?-2
Added Pin To Net: NetName=NetR?_2 Pin=R?-2
Added Pin To Net: NetName=RTS Pin=R?-2
Added Pin To Net: NetName=VS Pin=R?-2
Added Pin To Net: NetName=GND Pin=S2-2
Added Pin To Net: NetName=GND Pin=S?-1
Added Pin To Net: NetName=GND Pin=S?-1
Added Pin To Net: NetName=BAT Pin=S?-2
Added Pin To Net: NetName=+12 Pin=U1-1
Added Pin To Net: NetName=GND Pin=U1-7
Added Pin To Net: NetName=NetC?_1 Pin=U1-10
Added Pin To Net: NetName=GND Pin=U1-11
Added Pin To Net: NetName=GND Pin=U1-12
Added Pin To Net: NetName=TX Pin=U4-2
Added Pin To Net: NetName=RX Pin=U4-3
Added Pin To Net: NetName=+12 Pin=U5-1
Added Pin To Net: NetName=NetL1_2 Pin=U5-2
Added Pin To Net: NetName=GND Pin=U5-7
Added Pin To Net: NetName=NetC8_1 Pin=U5-8
Added Pin To Net: NetName=BAT Pin=U5-9
Added Pin To Net: NetName=NetC7_1 Pin=U5-10
Added Pin To Net: NetName=GND Pin=U5-11
Added Pin To Net: NetName=GND Pin=U5-12
Added Pin To Net: NetName=NetC7_1 Pin=U5-13
Added Pin To Net: NetName=BAT Pin=U?-1
Added Pin To Net: NetName=GND Pin=U?-2
Added Pin To Net: NetName=GND Pin=U?-2
Added Pin To Net: NetName=3.3V Pin=U?-3
Added Pin To Net: NetName=GND Pin=VD1-1
Added Pin To Net: NetName=BAT Pin=VD1-2
Added Pin To Net: NetName=LX Pin=VD1-2
Added Pin To Net: NetName=GND Pin=VD3-2
Added Pin To Net: NetName=GND Pin=VD6-1
Added Pin To Net: NetName=NetL1_2 Pin=VD6-2
Added Pin To Net: NetName=GND Pin=VD7-2
Added Pin To Net: NetName=NetR1_1 Pin=VD?-1
Added Pin To Net: NetName=NetR1_1 Pin=VD?-1
Added Pin To Net: NetName=NetR?_2 Pin=VD?-1
Added Pin To Net: NetName=NetVD?_1 Pin=VD?-1
Added Pin To Net: NetName=BAT Pin=VD?-2
Added Pin To Net: NetName=NetVT1_1 Pin=VT1-1
Added Pin To Net: NetName=GND Pin=VT1-3
Added Pin To Net: NetName=GND Pin=VT4-1
Added Pin To Net: NetName=NetVD?_1 Pin=VT?-1
Added Pin To Net: NetName=NetR?_1 Pin=VT?-2
Added Pin To Net: NetName=DTR Pin=VT?-3
Added Pin To Net: NetName=GND Pin=VT?-3
Added Pin To Net: NetName=RTS Pin=VT?-3
Added Pin To Net: NetName=BAT Pin=X?-1
Added Pin To Net: NetName=Net*_6 Pin=X?-2
Added Pin To Net: NetName=Net*_5 Pin=X?-3
Added Pin To Net: NetName=GND Pin=X?-5
Added Pin To Net: NetName=GND Pin=X?-6
Added Pin To Net: NetName=GND Pin=X?-7
Added Pin To Net: NetName=BAT Pin=XP1-1
Added Pin To Net: NetName=GND Pin=XP1-1
Added Pin To Net: NetName=BAT Pin=XP1-2
Added Pin To Net: NetName=GND Pin=XP1-2
Added Pin To Net: NetName=NetXP1_3 Pin=XP1-3
Added Pin To Net: NetName=NetXP1_4 Pin=XP1-4
Added Pin To Net: NetName=NetXP1_5 Pin=XP1-5
Added Pin To Net: NetName=NetXP1_6 Pin=XP1-6
Added Pin To Net: NetName=BAT Pin=XP2-1
Added Pin To Net: NetName=GND Pin=XP2-2
Added Pin To Net: NetName=NetXP2_3 Pin=XP2-3
Added Pin To Net: NetName=NetXP2_4 Pin=XP2-4
Added Pin To Net: NetName=NetXP2_5 Pin=XP2-5
Added Pin To Net: NetName=NetXP1_6 Pin=XP2-6
Added Pin To Net: NetName=BAT Pin=XP3-1
Added Pin To Net: NetName=GND Pin=XP3-2
Added Pin To Net: NetName=NetXP3_3 Pin=XP3-3
Added Pin To Net: NetName=NetXP3_4 Pin=XP3-4
Added Pin To Net: NetName=NetXP3_5 Pin=XP3-5
Added Pin To Net: NetName=NetXP1_6 Pin=XP3-6
Added Pin To Net: NetName=VREF Pin=XP3-6
Added Pin To Net: NetName=BAT Pin=XP4-1
Added Pin To Net: NetName=GND Pin=XP4-2
Added Pin To Net: NetName=NetXP4_3 Pin=XP4-3
Added Pin To Net: NetName=NetXP4_4 Pin=XP4-4
Added Pin To Net: NetName=NetXP4_5 Pin=XP4-5
Added Pin To Net: NetName=NetXP1_6 Pin=XP4-6
Added Pin To Net: NetName=BAT Pin=XP5-1
Added Pin To Net: NetName=GND Pin=XP5-2
Added Pin To Net: NetName=NetXP5_3 Pin=XP5-3
Added Pin To Net: NetName=NetXP5_4 Pin=XP5-4
Added Pin To Net: NetName=NetXP5_5 Pin=XP5-5
Added Pin To Net: NetName=NetXP1_6 Pin=XP5-6
Added Pin To Net: NetName=NetXP1_5 Pin=XP6-1
Added Pin To Net: NetName=VREF Pin=XP6-1
Added Pin To Net: NetName=NetXP2_5 Pin=XP6-2
Added Pin To Net: NetName=NetXP3_5 Pin=XP6-3
Added Pin To Net: NetName=NetXP4_5 Pin=XP6-4
Added Pin To Net: NetName=NetXP5_5 Pin=XP6-5
Added Pin To Net: NetName=NetXP1_6 Pin=XP6-6
Added Pin To Net: NetName=GND Pin=XP6-18
Added Pin To Net: NetName=BAT Pin=XP6-19
Added Pin To Net: NetName=GND Pin=XP7-1
Added Pin To Net: NetName=BAT Pin=XP7-2
Added Pin To Net: NetName=NetXP1_3 Pin=XP8-1
Added Pin To Net: NetName=NetXP1_4 Pin=XP8-2
Added Pin To Net: NetName=NetXP2_3 Pin=XP8-3
Added Pin To Net: NetName=NetXP2_4 Pin=XP8-4
Added Pin To Net: NetName=NetXP3_3 Pin=XP8-5
Added Pin To Net: NetName=NetXP3_4 Pin=XP8-6
Added Pin To Net: NetName=NetXP4_3 Pin=XP8-7
Added Pin To Net: NetName=NetXP4_4 Pin=XP8-8
Added Pin To Net: NetName=NetXP5_3 Pin=XP8-9
Added Pin To Net: NetName=NetXP5_4 Pin=XP8-10
Added Pin To Net: NetName=NetR6_2 Pin=XP8-11
Added Pin To Net: NetName=BAT Pin=XP9-1
Added Pin To Net: NetName=NetR1_2 Pin=XP9-2
Added Pin To Net: NetName=BAT Pin=XP9-3
Added Pin To Net: NetName=NetR2_2 Pin=XP9-4
Added Pin To Net: NetName=BAT Pin=XP9-5
Added Pin To Net: NetName=NetR3_2 Pin=XP9-6
Added Pin To Net: NetName=BAT Pin=XP9-7
Added Pin To Net: NetName=NetR4_2 Pin=XP9-8
Added Pin To Net: NetName=BAT Pin=XP9-9
Added Pin To Net: NetName=NetR5_2 Pin=XP9-10
Added Pin To Net: NetName=BAT Pin=XP10-1
Added Pin To Net: NetName=NetVT1_1 Pin=XP10-2
Added Pin To Net: NetName=+12 Pin=XP18-1
Added Pin To Net: NetName=GND Pin=XP18-2
Added Pin To Net: NetName=BAT Pin=XP?-1
Added Pin To Net: NetName=BAT Pin=XP?-1
Added Pin To Net: NetName=BAT Pin=XP?-1
Added Pin To Net: NetName=BAT Pin=XP?-1
Added Pin To Net: NetName=BAT Pin=XP?-1
Added Pin To Net: NetName=BAT Pin=XP?-1
Added Pin To Net: NetName=GND Pin=XP?-1
Added Pin To Net: NetName=FF1 Pin=XP?-2
Added Pin To Net: NetName=GND Pin=XP?-2
Added Pin To Net: NetName=GND Pin=XP?-2
Added Pin To Net: NetName=GND Pin=XP?-2
Added Pin To Net: NetName=GND Pin=XP?-2
Added Pin To Net: NetName=GND Pin=XP?-2
Added Pin To Net: NetName=NetVD?_1 Pin=XP?-2
Added Pin To Net: NetName=BAT Pin=XP?-3
Added Pin To Net: NetName=FF2 Pin=XP?-4
Added Pin To Net: NetName=BAT Pin=XP?-5
Added Pin To Net: NetName=3.3V Pin=XP?-6
Added Pin To Net: NetName=3.3V Pin=XP?-6
Added Pin To Net: NetName=3.3V Pin=XP?-6
Added Pin To Net: NetName=3.3V Pin=XP?-6
Added Pin To Net: NetName=3.3V Pin=XP?-6
Added Pin To Net: NetName=FF3 Pin=XP?-6
Added Pin To Net: NetName=BAT Pin=XP?-7
Added Pin To Net: NetName=FF4 Pin=XP?-8
Added Pin To Net: NetName=BAT Pin=XP?-9
Added Pin To Net: NetName=FF5 Pin=XP?-10
Change Net Name : Old Net Name=GND New Net Name=IO0
Change Net Name : Old Net Name=NetR8_1 New Net Name=NetR8*_1
Change Net Name : Old Net Name=NetR12_2 New Net Name=NetR11_2
Change Net Name : Old Net Name=NetR14_1 New Net Name=NetR13_1
Change Net Name : Old Net Name=NetR15_1 New Net Name=NetR14_1
Change Net Name : Old Net Name=NetVD2_1 New Net Name=NetVD2*_1
Change Net Color : Old Net Color=White New Net Color=Default
Added Pin To Net: NetName=NetR20_1 Pin=R20-1
Added Pin To Net: NetName=NetR20_1 Pin=VD4-1
Added Pin To Net: NetName=NetR20_1 Pin=VD5-1
Added Net: Name=NetR20_1
Added Pin To Net: NetName=NetR21_2 Pin=R21-2
Added Pin To Net: NetName=NetR21_2 Pin=VD7-1
Added Net: Name=NetR21_2
Added Pin To Net: NetName=NetU1_14 Pin=U1-14
Added Pin To Net: NetName=NetU1_14 Pin=VD?-2
Added Net: Name=NetU1_14
Added Pin To Net: NetName=NetU1_15 Pin=U1-15
Added Pin To Net: NetName=NetU1_15 Pin=VD?-2
Added Net: Name=NetU1_15
Added Pin To Net: NetName=NetU5_14 Pin=U5-14
Added Pin To Net: NetName=NetU5_14 Pin=VD4-2
Added Net: Name=NetU5_14
Added Pin To Net: NetName=NetU5_15 Pin=U5-15
Added Pin To Net: NetName=NetU5_15 Pin=VD5-2
Added Net: Name=NetU5_15
Added Pin To Net: NetName=NetXP3_1 Pin=XP3-1
Added Net: Name=NetXP3_1
Added Pin To Net: NetName=NetXP3_2 Pin=XP3-2
Added Net: Name=NetXP3_2
Added Member To Class: ClassName=Sheet3 Member=Component * CH340C
Added Member To Class: ClassName=Sheet4 Member=Component C5 Cap+
Added Member To Class: ClassName=Sheet4 Member=Component C6 Cap
Added Member To Class: ClassName=Sheet4 Member=Component C7 Cap
Added Member To Class: ClassName=Sheet4 Member=Component C8 Cap
Added Member To Class: ClassName=Sheet4 Member=Component C11 Cap
Added Member To Class: ClassName=Sheet4 Member=Component C12 Cap
Added Member To Class: ClassName=Sheet4 Member=Component C13 Cap
Added Member To Class: ClassName=Sheet2 Member=Component C? Cap
Added Member To Class: ClassName=Sheet2 Member=Component C? Cap
Added Member To Class: ClassName=Sheet2 Member=Component C? Cap
Added Member To Class: ClassName=Sheet2 Member=Component C? Cap+
Added Member To Class: ClassName=Sheet2 Member=Component C? Cap
Added Member To Class: ClassName=Sheet2 Member=Component C? Cap
Added Member To Class: ClassName=Sheet2 Member=Component C? Cap
Added Member To Class: ClassName=Sheet3 Member=Component C? Cap
Added Member To Class: ClassName=Sheet3 Member=Component C? Cap
Added Member To Class: ClassName=Sheet3 Member=Component C? Cap
Added Member To Class: ClassName=Sheet3 Member=Component C? Cap
Added Member To Class: ClassName=Sheet3 Member=Component C? Cap
Added Member To Class: ClassName=Sheet3 Member=Component C? Cap
Added Member To Class: ClassName=Sheet1 Member=Component R1 res
Added Member To Class: ClassName=Sheet2 Member=Component R1 res
Added Member To Class: ClassName=Sheet1 Member=Component R2 res
Added Member To Class: ClassName=Sheet1 Member=Component R3 res
Added Member To Class: ClassName=Sheet1 Member=Component R4 res
Added Member To Class: ClassName=Sheet1 Member=Component R5 res
Added Member To Class: ClassName=Sheet1 Member=Component R6 res
Added Member To Class: ClassName=Sheet4 Member=Component R20 res
Added Member To Class: ClassName=Sheet4 Member=Component R21 2K
Added Member To Class: ClassName=Sheet4 Member=Component R22 res
Added Member To Class: ClassName=Sheet2 Member=Component R? res
Added Member To Class: ClassName=Sheet3 Member=Component R? res
Added Member To Class: ClassName=Sheet3 Member=Component R? res
Added Member To Class: ClassName=Sheet3 Member=Component R? res
Added Member To Class: ClassName=Sheet3 Member=Component R? res
Added Member To Class: ClassName=Sheet3 Member=Component R? res
Added Member To Class: ClassName=Sheet3 Member=Component R? res
Added Member To Class: ClassName=Sheet3 Member=Component R? res
Added Member To Class: ClassName=Sheet3 Member=Component R? res
Added Member To Class: ClassName=Sheet3 Member=Component R? res
Added Member To Class: ClassName=Sheet3 Member=Component R? res
Added Member To Class: ClassName=Sheet3 Member=Component R? res
Added Member To Class: ClassName=Sheet3 Member=Component R? res
Added Member To Class: ClassName=Sheet3 Member=Component R? res
Added Member To Class: ClassName=Sheet3 Member=Component R? res
Added Member To Class: ClassName=Sheet3 Member=Component S? SW-PB
Added Member To Class: ClassName=Sheet3 Member=Component S? SW-PB
Added Member To Class: ClassName=Sheet3 Member=Component S? Key
Added Member To Class: ClassName=Sheet2 Member=Component U1 TP5100
Added Member To Class: ClassName=Sheet4 Member=Component U5 TP5100
Added Member To Class: ClassName=Sheet3 Member=Component U? AMS1117
Added Member To Class: ClassName=Sheet1 Member=Component VD1 VD
Added Member To Class: ClassName=Sheet2 Member=Component VD1 Schottky diode
Added Member To Class: ClassName=Sheet4 Member=Component VD5 Led
Added Member To Class: ClassName=Sheet4 Member=Component VD6 Schottky diode
Added Member To Class: ClassName=Sheet4 Member=Component VD7 Led
Added Member To Class: ClassName=Sheet2 Member=Component VD? Led
Added Member To Class: ClassName=Sheet2 Member=Component VD? Led
Added Member To Class: ClassName=Sheet3 Member=Component VD? Led
Added Member To Class: ClassName=Sheet3 Member=Component VD? Schottky diode
Added Member To Class: ClassName=Sheet3 Member=Component VD? Led
Added Member To Class: ClassName=Sheet3 Member=Component VD? VD
Added Member To Class: ClassName=Sheet1 Member=Component VT1 npn
Added Member To Class: ClassName=Sheet3 Member=Component VT? npn
Added Member To Class: ClassName=Sheet3 Member=Component VT? npn
Added Member To Class: ClassName=Sheet3 Member=Component VT? npn
Added Member To Class: ClassName=Sheet3 Member=Component X? 47346-0001 (Molex, Micro USB)
Added Member To Class: ClassName=Sheet1 Member=Component XP1 SERV1
Added Member To Class: ClassName=Sheet2 Member=Component XP1 POWER
Added Member To Class: ClassName=Sheet1 Member=Component XP2 SERV2
Added Member To Class: ClassName=Sheet2 Member=Component XP2 FORSE
Added Member To Class: ClassName=Sheet1 Member=Component XP3 SERV3
Added Member To Class: ClassName=Sheet2 Member=Component XP3 SIGN
Added Member To Class: ClassName=Sheet1 Member=Component XP4 SERV4
Added Member To Class: ClassName=Sheet2 Member=Component XP4 DRIVER
Added Member To Class: ClassName=Sheet1 Member=Component XP5 SERV5
Added Member To Class: ClassName=Sheet1 Member=Component XP6 SIGN
Added Member To Class: ClassName=Sheet2 Member=Component XP6 PLS-19x2(ESP32)
Added Member To Class: ClassName=Sheet1 Member=Component XP7 XT30PW-M
Added Member To Class: ClassName=Sheet1 Member=Component XP8 DRIVER
Added Member To Class: ClassName=Sheet1 Member=Component XP9 FInger_force
Added Member To Class: ClassName=Sheet1 Member=Component XP10 VIBRO_M
Added Member To Class: ClassName=Sheet4 Member=Component XP19 XT30PW-M
Added Member To Class: ClassName=Sheet3 Member=Component XP? XT30PW-M
Added Member To Class: ClassName=Sheet3 Member=Component XP? R_SERV4
Added Member To Class: ClassName=Sheet3 Member=Component XP? FInger_force
Added Member To Class: ClassName=Sheet3 Member=Component XP? M_SERV3
Added Member To Class: ClassName=Sheet3 Member=Component XP? I_SERV2
Added Member To Class: ClassName=Sheet3 Member=Component XP? P_SERV5
Added Member To Class: ClassName=Sheet3 Member=Component XP? T_SERV1
Added Member To Class: ClassName=Sheet3 Member=Component XP? VIBRO_M
Added Room: Name=Sheet1
Added Room: Name=Sheet2
Added Room: Name=Sheet3
Added Room: Name=Sheet4
