Replace Part * CH340C in F:\Documents\Diplom\RemoteFeeling\Sheet3.SchDoc with CH340C from Pakage_lib.SchLib
Replace Part C? Cap in F:\Documents\Diplom\RemoteFeeling\Sheet3.SchDoc with Cap from Pakage_lib.SchLib
Replace Part C? Cap in F:\Documents\Diplom\RemoteFeeling\Sheet3.SchDoc with Cap from Pakage_lib.SchLib
Replace Part C? Cap in F:\Documents\Diplom\RemoteFeeling\Sheet3.SchDoc with Cap from Pakage_lib.SchLib
Replace Part C? Cap in F:\Documents\Diplom\RemoteFeeling\Sheet3.SchDoc with Cap from Pakage_lib.SchLib
Replace Part C? Cap in F:\Documents\Diplom\RemoteFeeling\Sheet3.SchDoc with Cap from Pakage_lib.SchLib
Replace Part C? Cap in F:\Documents\Diplom\RemoteFeeling\Sheet3.SchDoc with Cap from Pakage_lib.SchLib
Replace Part R? res in F:\Documents\Diplom\RemoteFeeling\Sheet3.SchDoc with res from Pakage_lib.SchLib
Replace Part R? res in F:\Documents\Diplom\RemoteFeeling\Sheet3.SchDoc with res from Pakage_lib.SchLib
Replace Part R? res in F:\Documents\Diplom\RemoteFeeling\Sheet3.SchDoc with res from Pakage_lib.SchLib
Replace Part R? res in F:\Documents\Diplom\RemoteFeeling\Sheet3.SchDoc with res from Pakage_lib.SchLib
Replace Part R? res in F:\Documents\Diplom\RemoteFeeling\Sheet3.SchDoc with res from Pakage_lib.SchLib
Replace Part R? res in F:\Documents\Diplom\RemoteFeeling\Sheet3.SchDoc with res from Pakage_lib.SchLib
Replace Part R? res in F:\Documents\Diplom\RemoteFeeling\Sheet3.SchDoc with res from Pakage_lib.SchLib
Replace Part R? res in F:\Documents\Diplom\RemoteFeeling\Sheet3.SchDoc with res from Pakage_lib.SchLib
Replace Part R? res in F:\Documents\Diplom\RemoteFeeling\Sheet3.SchDoc with res from Pakage_lib.SchLib
Replace Part R? res in F:\Documents\Diplom\RemoteFeeling\Sheet3.SchDoc with res from Pakage_lib.SchLib
Replace Part R? res in F:\Documents\Diplom\RemoteFeeling\Sheet3.SchDoc with res from Pakage_lib.SchLib
Replace Part R? res in F:\Documents\Diplom\RemoteFeeling\Sheet3.SchDoc with res from Pakage_lib.SchLib
Replace Part R? res in F:\Documents\Diplom\RemoteFeeling\Sheet3.SchDoc with res from Pakage_lib.SchLib
Replace Part R? res in F:\Documents\Diplom\RemoteFeeling\Sheet3.SchDoc with res from Pakage_lib.SchLib
Replace Part S? SW-PB in F:\Documents\Diplom\RemoteFeeling\Sheet3.SchDoc with SW-PB from Miscellaneous Devices.IntLib
Replace Part S? SW-PB in F:\Documents\Diplom\RemoteFeeling\Sheet3.SchDoc with SW-PB from Miscellaneous Devices.IntLib
Replace Part S? Key in F:\Documents\Diplom\RemoteFeeling\Sheet3.SchDoc with Key from Pakage_lib.SchLib
Replace Part U? AMS1117 in F:\Documents\Diplom\RemoteFeeling\Sheet3.SchDoc with AMS1117 from Pakage_lib.SchLib
Replace Part VD? VD in F:\Documents\Diplom\RemoteFeeling\Sheet3.SchDoc with VD from Pakage_lib.SchLib
Replace Part VD? Led in F:\Documents\Diplom\RemoteFeeling\Sheet3.SchDoc with Led from Pakage_lib.SchLib
Replace Part VD? Led in F:\Documents\Diplom\RemoteFeeling\Sheet3.SchDoc with Led from Pakage_lib.SchLib
Replace Part VD? Schottky diode in F:\Documents\Diplom\RemoteFeeling\Sheet3.SchDoc with Schottky diode from Pakage_lib.SchLib
Replace Part VT? npn in F:\Documents\Diplom\RemoteFeeling\Sheet3.SchDoc with npn from Pakage_lib.SchLib
Replace Part VT? npn in F:\Documents\Diplom\RemoteFeeling\Sheet3.SchDoc with npn from Pakage_lib.SchLib
Replace Part VT? npn in F:\Documents\Diplom\RemoteFeeling\Sheet3.SchDoc with npn from Pakage_lib.SchLib
Replace Part X? 47346-0001 (Molex, Micro USB) in F:\Documents\Diplom\RemoteFeeling\Sheet3.SchDoc with 47346-0001 (Molex, Micro USB) from ׀אחתול.SchLib
Replace Part XP? PLS-6 in F:\Documents\Diplom\RemoteFeeling\Sheet3.SchDoc with PLS-6 from ׀אחתול.SchLib
Replace Part XP? PLS-6 in F:\Documents\Diplom\RemoteFeeling\Sheet3.SchDoc with PLS-6 from ׀אחתול.SchLib
Replace Part XP? PLS-6 in F:\Documents\Diplom\RemoteFeeling\Sheet3.SchDoc with PLS-6 from ׀אחתול.SchLib
Replace Part XP? PLS-6 in F:\Documents\Diplom\RemoteFeeling\Sheet3.SchDoc with PLS-6 from ׀אחתול.SchLib
Replace Part XP? PLS-6 in F:\Documents\Diplom\RemoteFeeling\Sheet3.SchDoc with PLS-6 from ׀אחתול.SchLib
Replace Part XP? PLS-2 in F:\Documents\Diplom\RemoteFeeling\Sheet3.SchDoc with PLS-2 from ׀אחתול.SchLib
