Replace Part C1 Cap in F:\Documents\Diplom\RemoteFeeling\Sheet4.SchDoc with Cap from Pakage_lib.SchLib
Replace Part C2 Cap in F:\Documents\Diplom\RemoteFeeling\Sheet4.SchDoc with Cap from Pakage_lib.SchLib
Replace Part C3 Cap in F:\Documents\Diplom\RemoteFeeling\Sheet4.SchDoc with Cap from Pakage_lib.SchLib
Replace Part C4 Cap in F:\Documents\Diplom\RemoteFeeling\Sheet4.SchDoc with Cap from Pakage_lib.SchLib
Replace Part C5 Cap in F:\Documents\Diplom\RemoteFeeling\Sheet4.SchDoc with Cap from Pakage_lib.SchLib
Replace Part C6 Cap in F:\Documents\Diplom\RemoteFeeling\Sheet4.SchDoc with Cap from Pakage_lib.SchLib
Replace Part C7 Cap+ in F:\Documents\Diplom\RemoteFeeling\Sheet4.SchDoc with Cap+ from Pakage_lib.SchLib
Replace Part C8 Cap in F:\Documents\Diplom\RemoteFeeling\Sheet4.SchDoc with Cap from Pakage_lib.SchLib
Replace Part C9 Cap in F:\Documents\Diplom\RemoteFeeling\Sheet4.SchDoc with Cap from Pakage_lib.SchLib
Replace Part C10 Cap in F:\Documents\Diplom\RemoteFeeling\Sheet4.SchDoc with Cap from Pakage_lib.SchLib
Replace Part C11 Cap in F:\Documents\Diplom\RemoteFeeling\Sheet4.SchDoc with Cap from Pakage_lib.SchLib
Replace Part C12 Cap in F:\Documents\Diplom\RemoteFeeling\Sheet4.SchDoc with Cap from Pakage_lib.SchLib
Replace Part C13 Cap in F:\Documents\Diplom\RemoteFeeling\Sheet4.SchDoc with Cap from Pakage_lib.SchLib
Replace Part C14* Cap in F:\Documents\Diplom\RemoteFeeling\Sheet4.SchDoc with Cap from Pakage_lib.SchLib
Replace Part C15* Cap in F:\Documents\Diplom\RemoteFeeling\Sheet4.SchDoc with Cap from Pakage_lib.SchLib
Replace Part C16* Cap in F:\Documents\Diplom\RemoteFeeling\Sheet4.SchDoc with Cap from Pakage_lib.SchLib
Replace Part C17* Cap in F:\Documents\Diplom\RemoteFeeling\Sheet4.SchDoc with Cap from Pakage_lib.SchLib
Replace Part C18* Cap in F:\Documents\Diplom\RemoteFeeling\Sheet4.SchDoc with Cap from Pakage_lib.SchLib
Replace Part C19 Cap in F:\Documents\Diplom\RemoteFeeling\Sheet4.SchDoc with Cap from Pakage_lib.SchLib
Replace Part C20 Cap in F:\Documents\Diplom\RemoteFeeling\Sheet4.SchDoc with Cap from Pakage_lib.SchLib
Replace Part C21* Cap in F:\Documents\Diplom\RemoteFeeling\Sheet4.SchDoc with Cap from Pakage_lib.SchLib
Replace Part C22* Cap in F:\Documents\Diplom\RemoteFeeling\Sheet4.SchDoc with Cap from Pakage_lib.SchLib
Replace Part C23* Cap in F:\Documents\Diplom\RemoteFeeling\Sheet4.SchDoc with Cap from Pakage_lib.SchLib
Replace Part C24* Cap in F:\Documents\Diplom\RemoteFeeling\Sheet4.SchDoc with Cap from Pakage_lib.SchLib
Replace Part C25* Cap in F:\Documents\Diplom\RemoteFeeling\Sheet4.SchDoc with Cap from Pakage_lib.SchLib
Replace Part C? Cap in F:\Documents\Diplom\RemoteFeeling\Sheet4.SchDoc with Cap from Pakage_lib.SchLib
Replace Part C? Cap in F:\Documents\Diplom\RemoteFeeling\Sheet4.SchDoc with Cap from Pakage_lib.SchLib
Replace Part DA? AMS1117 in F:\Documents\Diplom\RemoteFeeling\Sheet4.SchDoc with AMS1117 from Pakage_lib.SchLib
Replace Part DA? AMS1117 in F:\Documents\Diplom\RemoteFeeling\Sheet4.SchDoc with AMS1117 from Pakage_lib.SchLib
Replace Part DA? 7808 in F:\Documents\Diplom\RemoteFeeling\Sheet4.SchDoc with 7808 from Pakage_lib.SchLib
Replace Part DD? ESP32-WROOM-32E in F:\Documents\Diplom\RemoteFeeling\Sheet4.SchDoc with ESP32-WROOM-32E from ESP32.SchLib
Replace Part DD? CH340C in F:\Documents\Diplom\RemoteFeeling\Sheet4.SchDoc with CH340C from Pakage_lib.SchLib
Replace Part DD? USB LC6 in F:\Documents\Diplom\RemoteFeeling\Sheet4.SchDoc with USB LC6 from Pakage_lib.SchLib
Replace Part DD? TP5100 in F:\Documents\Diplom\RemoteFeeling\Sheet4.SchDoc with TP5100 from Pakage_lib.SchLib
Replace Part G? LI-po in F:\Documents\Diplom\RemoteFeeling\Sheet4.SchDoc with LI-po from Pakage_lib.SchLib
Replace Part G? LI-po in F:\Documents\Diplom\RemoteFeeling\Sheet4.SchDoc with LI-po from Pakage_lib.SchLib
Replace Part L1 INDUCROR in F:\Documents\Diplom\RemoteFeeling\Sheet4.SchDoc with INDUCROR from Pakage_lib.SchLib
Replace Part R? resistor in F:\Documents\Diplom\RemoteFeeling\Sheet4.SchDoc with resistor from Pakage_lib.SchLib
Replace Part S1 Key in F:\Documents\Diplom\RemoteFeeling\Sheet4.SchDoc with Key from Pakage_lib.SchLib
Replace Part S2 Key in F:\Documents\Diplom\RemoteFeeling\Sheet4.SchDoc with Key from Pakage_lib.SchLib
Replace Part S3 Key in F:\Documents\Diplom\RemoteFeeling\Sheet4.SchDoc with Key from Pakage_lib.SchLib
Replace Part VD1 VD in F:\Documents\Diplom\RemoteFeeling\Sheet4.SchDoc with VD from Pakage_lib.SchLib
Replace Part VD2 Led in F:\Documents\Diplom\RemoteFeeling\Sheet4.SchDoc with Led from Pakage_lib.SchLib
Replace Part VD3 Schottky diode in F:\Documents\Diplom\RemoteFeeling\Sheet4.SchDoc with Schottky diode from Pakage_lib.SchLib
Replace Part VD4 Led in F:\Documents\Diplom\RemoteFeeling\Sheet4.SchDoc with Led from Pakage_lib.SchLib
Replace Part VD5 Led in F:\Documents\Diplom\RemoteFeeling\Sheet4.SchDoc with Led from Pakage_lib.SchLib
Replace Part VD6 Schottky diode in F:\Documents\Diplom\RemoteFeeling\Sheet4.SchDoc with Schottky diode from Pakage_lib.SchLib
Replace Part VD7 Led in F:\Documents\Diplom\RemoteFeeling\Sheet4.SchDoc with Led from Pakage_lib.SchLib
Replace Part VT1 npn in F:\Documents\Diplom\RemoteFeeling\Sheet4.SchDoc with npn from Pakage_lib.SchLib
Replace Part VT2 MOSFET (N-Channel) in F:\Documents\Diplom\RemoteFeeling\Sheet4.SchDoc with MOSFET (N-Channel) from Pakage_lib.SchLib
Replace Part VT3 npn in F:\Documents\Diplom\RemoteFeeling\Sheet4.SchDoc with npn from Pakage_lib.SchLib
Replace Part X1 47346-0001 (Molex, Micro USB) in F:\Documents\Diplom\RemoteFeeling\Sheet4.SchDoc with 47346-0001 (Molex, Micro USB) from ׀אחתול.SchLib
Replace Part XP1 PLS-6 in F:\Documents\Diplom\RemoteFeeling\Sheet4.SchDoc with PLS-6 from ׀אחתול.SchLib
Replace Part XP2 PLS-2 in F:\Documents\Diplom\RemoteFeeling\Sheet4.SchDoc with PLS-2 from ׀אחתול.SchLib
Replace Part XP3 PLS-6 in F:\Documents\Diplom\RemoteFeeling\Sheet4.SchDoc with PLS-6 from ׀אחתול.SchLib
Replace Part XP4 PLS-6 in F:\Documents\Diplom\RemoteFeeling\Sheet4.SchDoc with PLS-6 from ׀אחתול.SchLib
Replace Part XP5 PLS-6 in F:\Documents\Diplom\RemoteFeeling\Sheet4.SchDoc with PLS-6 from ׀אחתול.SchLib
Replace Part XP6 PLS-6 in F:\Documents\Diplom\RemoteFeeling\Sheet4.SchDoc with PLS-6 from ׀אחתול.SchLib
Replace Part XP8 XT30PW-M in F:\Documents\Diplom\RemoteFeeling\Sheet4.SchDoc with XT30PW-M from ׀אחתול.SchLib
