Replace Part GB ? LI-po in Sheet3.SchDoc with LI-po from Pakage_lib.SchLib
Replace Part GB? LI-po in Sheet3.SchDoc with LI-po from Pakage_lib.SchLib
Replace Part R? res in Sheet3.SchDoc with res from Pakage_lib.SchLib
Replace Part R? res in Sheet3.SchDoc with res from Pakage_lib.SchLib
Replace Part R? res in Sheet3.SchDoc with res from Pakage_lib.SchLib
Replace Part R? res in Sheet3.SchDoc with res from Pakage_lib.SchLib
Replace Part R? res in Sheet3.SchDoc with res from Pakage_lib.SchLib
Replace Part R? res in Sheet3.SchDoc with res from Pakage_lib.SchLib
Replace Part R? res in Sheet3.SchDoc with res from Pakage_lib.SchLib
Replace Part U? li-po power TP5100 in Sheet3.SchDoc with li-po power TP5100 from Pakage_lib.SchLib
Replace Part U? ESP32-WROOM-32E in Sheet3.SchDoc with ESP32-WROOM-32E from ESP32.SchLib
Replace Part VD? VD in Sheet3.SchDoc with VD from Pakage_lib.SchLib
Replace Part VT? npn in Sheet3.SchDoc with npn from Pakage_lib.SchLib
Replace Part XP? PLS-6 in Sheet3.SchDoc with PLS-6 from ׀אחתול.SchLib
Replace Part XP? XT30PW-M in Sheet3.SchDoc with XT30PW-M from ׀אחתול.SchLib
Replace Part XP? PLS-2 in Sheet3.SchDoc with PLS-2 from ׀אחתול.SchLib
Replace Part XP? PLS-6 in Sheet3.SchDoc with PLS-6 from ׀אחתול.SchLib
Replace Part XP? PLS-6 in Sheet3.SchDoc with PLS-6 from ׀אחתול.SchLib
Replace Part XP? PLS-6 in Sheet3.SchDoc with PLS-6 from ׀אחתול.SchLib
Replace Part XP? PLS-6 in Sheet3.SchDoc with PLS-6 from ׀אחתול.SchLib
