Replace Part C1 Cap in F:\Documents\Diplom\RemoteFeeling\Sheet4.SchDoc with Cap from Pakage_lib.SchLib
Replace Part C2 Cap in F:\Documents\Diplom\RemoteFeeling\Sheet4.SchDoc with Cap from Pakage_lib.SchLib
Replace Part C3 Cap in F:\Documents\Diplom\RemoteFeeling\Sheet4.SchDoc with Cap from Pakage_lib.SchLib
Replace Part C4 Cap in F:\Documents\Diplom\RemoteFeeling\Sheet4.SchDoc with Cap from Pakage_lib.SchLib
Replace Part C5 Cap+ in F:\Documents\Diplom\RemoteFeeling\Sheet4.SchDoc with Cap+ from Pakage_lib.SchLib
Replace Part C6 Cap in F:\Documents\Diplom\RemoteFeeling\Sheet4.SchDoc with Cap from Pakage_lib.SchLib
Replace Part C7 Cap in F:\Documents\Diplom\RemoteFeeling\Sheet4.SchDoc with Cap from Pakage_lib.SchLib
Replace Part C8 Cap in F:\Documents\Diplom\RemoteFeeling\Sheet4.SchDoc with Cap from Pakage_lib.SchLib
Replace Part C9 Cap in F:\Documents\Diplom\RemoteFeeling\Sheet4.SchDoc with Cap from Pakage_lib.SchLib
Replace Part C10 Cap in F:\Documents\Diplom\RemoteFeeling\Sheet4.SchDoc with Cap from Pakage_lib.SchLib
Replace Part C11 Cap in F:\Documents\Diplom\RemoteFeeling\Sheet4.SchDoc with Cap from Pakage_lib.SchLib
Replace Part C12 Cap in F:\Documents\Diplom\RemoteFeeling\Sheet4.SchDoc with Cap from Pakage_lib.SchLib
Replace Part C13 Cap in F:\Documents\Diplom\RemoteFeeling\Sheet4.SchDoc with Cap from Pakage_lib.SchLib
Replace Part L1 INDUCROR in F:\Documents\Diplom\RemoteFeeling\Sheet4.SchDoc with INDUCROR from Pakage_lib.SchLib
Replace Part R7 res in F:\Documents\Diplom\RemoteFeeling\Sheet4.SchDoc with res from Pakage_lib.SchLib
Replace Part R8 res in F:\Documents\Diplom\RemoteFeeling\Sheet4.SchDoc with res from Pakage_lib.SchLib
Replace Part R9 res in F:\Documents\Diplom\RemoteFeeling\Sheet4.SchDoc with res from Pakage_lib.SchLib
Replace Part R10 res in F:\Documents\Diplom\RemoteFeeling\Sheet4.SchDoc with res from Pakage_lib.SchLib
Replace Part R11 res in F:\Documents\Diplom\RemoteFeeling\Sheet4.SchDoc with res from Pakage_lib.SchLib
Replace Part R12 res in F:\Documents\Diplom\RemoteFeeling\Sheet4.SchDoc with res from Pakage_lib.SchLib
Replace Part R13 res in F:\Documents\Diplom\RemoteFeeling\Sheet4.SchDoc with res from Pakage_lib.SchLib
Replace Part R14 res in F:\Documents\Diplom\RemoteFeeling\Sheet4.SchDoc with res from Pakage_lib.SchLib
Replace Part R15 res in F:\Documents\Diplom\RemoteFeeling\Sheet4.SchDoc with res from Pakage_lib.SchLib
Replace Part R16 res in F:\Documents\Diplom\RemoteFeeling\Sheet4.SchDoc with res from Pakage_lib.SchLib
Replace Part R17 res in F:\Documents\Diplom\RemoteFeeling\Sheet4.SchDoc with res from Pakage_lib.SchLib
Replace Part R18 res in F:\Documents\Diplom\RemoteFeeling\Sheet4.SchDoc with res from Pakage_lib.SchLib
Replace Part R19 res in F:\Documents\Diplom\RemoteFeeling\Sheet4.SchDoc with res from Pakage_lib.SchLib
Replace Part R20 res in F:\Documents\Diplom\RemoteFeeling\Sheet4.SchDoc with res from Pakage_lib.SchLib
Replace Part R21 res in F:\Documents\Diplom\RemoteFeeling\Sheet4.SchDoc with res from Pakage_lib.SchLib
Replace Part R22 res in F:\Documents\Diplom\RemoteFeeling\Sheet4.SchDoc with res from Pakage_lib.SchLib
Replace Part S1 SW-PB in F:\Documents\Diplom\RemoteFeeling\Sheet4.SchDoc with SW-PB from Miscellaneous Devices.IntLib
Replace Part S2 SW-PB in F:\Documents\Diplom\RemoteFeeling\Sheet4.SchDoc with SW-PB from Miscellaneous Devices.IntLib
Replace Part S3 Key in F:\Documents\Diplom\RemoteFeeling\Sheet4.SchDoc with Key from Pakage_lib.SchLib
Replace Part U3 ESP32-WROOM-32E in F:\Documents\Diplom\RemoteFeeling\Sheet4.SchDoc with ESP32-WROOM-32E from ESP32.SchLib
Replace Part U4 CH340C in F:\Documents\Diplom\RemoteFeeling\Sheet4.SchDoc with CH340C from Pakage_lib.SchLib
Replace Part U5 TP5100 in F:\Documents\Diplom\RemoteFeeling\Sheet4.SchDoc with TP5100 from Pakage_lib.SchLib
Replace Part U6 AMS1117 in F:\Documents\Diplom\RemoteFeeling\Sheet4.SchDoc with AMS1117 from Pakage_lib.SchLib
Replace Part VD2 VD in F:\Documents\Diplom\RemoteFeeling\Sheet4.SchDoc with VD from Pakage_lib.SchLib
Replace Part VD3 Led in F:\Documents\Diplom\RemoteFeeling\Sheet4.SchDoc with Led from Pakage_lib.SchLib
Replace Part VD4 Led in F:\Documents\Diplom\RemoteFeeling\Sheet4.SchDoc with Led from Pakage_lib.SchLib
Replace Part VD5 Led in F:\Documents\Diplom\RemoteFeeling\Sheet4.SchDoc with Led from Pakage_lib.SchLib
Replace Part VD6 Led in F:\Documents\Diplom\RemoteFeeling\Sheet4.SchDoc with Led from Pakage_lib.SchLib
Replace Part VD7 Schottky diode in F:\Documents\Diplom\RemoteFeeling\Sheet4.SchDoc with Schottky diode from Pakage_lib.SchLib
Replace Part VD8 Schottky diode in F:\Documents\Diplom\RemoteFeeling\Sheet4.SchDoc with Schottky diode from Pakage_lib.SchLib
Replace Part VT2 npn in F:\Documents\Diplom\RemoteFeeling\Sheet4.SchDoc with npn from Pakage_lib.SchLib
Replace Part VT3 npn in F:\Documents\Diplom\RemoteFeeling\Sheet4.SchDoc with npn from Pakage_lib.SchLib
Replace Part VT4 npn in F:\Documents\Diplom\RemoteFeeling\Sheet4.SchDoc with npn from Pakage_lib.SchLib
Replace Part X1 47346-0001 (Molex, Micro USB) in F:\Documents\Diplom\RemoteFeeling\Sheet4.SchDoc with 47346-0001 (Molex, Micro USB) from ׀אחתול.SchLib
Replace Part XP11 PLS-6 in F:\Documents\Diplom\RemoteFeeling\Sheet4.SchDoc with PLS-6 from ׀אחתול.SchLib
Replace Part XP12 PLS-6 in F:\Documents\Diplom\RemoteFeeling\Sheet4.SchDoc with PLS-6 from ׀אחתול.SchLib
Replace Part XP13 PLS-2 in F:\Documents\Diplom\RemoteFeeling\Sheet4.SchDoc with PLS-2 from ׀אחתול.SchLib
Replace Part XP14 PLS-6 in F:\Documents\Diplom\RemoteFeeling\Sheet4.SchDoc with PLS-6 from ׀אחתול.SchLib
Replace Part XP16 PLS-6 in F:\Documents\Diplom\RemoteFeeling\Sheet4.SchDoc with PLS-6 from ׀אחתול.SchLib
Replace Part XP17 PLS-6 in F:\Documents\Diplom\RemoteFeeling\Sheet4.SchDoc with PLS-6 from ׀אחתול.SchLib
