Change Component Designator: Old Designator=* New Designator=*?
Change Component Designator: Old Designator=C1 New Designator=C?
Change Component Designator: Old Designator=C2 New Designator=C?
Change Component Designator: Old Designator=C3 New Designator=C?
Change Component Designator: Old Designator=C4 New Designator=C?
Change Component Designator: Old Designator=C5 New Designator=C?
Change Component Designator: Old Designator=C6 New Designator=C?
Change Component Designator: Old Designator=C7 New Designator=C?
Change Component Designator: Old Designator=C8 New Designator=C?
Change Component Designator: Old Designator=C9 New Designator=C?
Change Component Designator: Old Designator=C10 New Designator=C?
Change Component Designator: Old Designator=C11 New Designator=C?
Change Component Designator: Old Designator=C12 New Designator=C?
Change Component Designator: Old Designator=C13 New Designator=C?
Change Component Designator: Old Designator=C?* New Designator=C?
Change Component Designator: Old Designator=C?* New Designator=C?
Change Component Designator: Old Designator=C?* New Designator=C?
Change Component Designator: Old Designator=C?* New Designator=C?
Change Component Designator: Old Designator=C?* New Designator=C?
Change Component Designator: Old Designator=C?* New Designator=C?
Change Component Designator: Old Designator=C?* New Designator=C?
Change Component Designator: Old Designator=C?* New Designator=C?
Change Component Designator: Old Designator=C?* New Designator=C?
Change Component Designator: Old Designator=C?* New Designator=C?
Change Component Designator: Old Designator=L1 New Designator=L?
Change Component Designator: Old Designator=R7 New Designator=R?
Change Component Designator: Old Designator=R8* New Designator=R?
Change Component Designator: Old Designator=R9 New Designator=R?
Change Component Designator: Old Designator=R10* New Designator=R?
Change Component Designator: Old Designator=R11 New Designator=R?
Change Component Designator: Old Designator=R12 New Designator=R?
Change Component Designator: Old Designator=R13 New Designator=R?
Change Component Designator: Old Designator=R14 New Designator=R?
Change Component Designator: Old Designator=R20 New Designator=R?
Change Component Designator: Old Designator=R21 New Designator=R?
Change Component Designator: Old Designator=R22 New Designator=R?
Change Component Designator: Old Designator=S1 New Designator=S?
Change Component Designator: Old Designator=S2 New Designator=S?
Change Component Designator: Old Designator=S3 New Designator=S?
Change Component Designator: Old Designator=U3 New Designator=U?
Change Component Designator: Old Designator=U5 New Designator=U?
Change Component Designator: Old Designator=U6 New Designator=U?
Change Component Designator: Old Designator=VD2* New Designator=VD?
Change Component Designator: Old Designator=VD3 New Designator=VD?
Change Component Designator: Old Designator=VD4 New Designator=VD?
Change Component Designator: Old Designator=VD5 New Designator=VD?
Change Component Designator: Old Designator=VD6 New Designator=VD?
Change Component Designator: Old Designator=VD7 New Designator=VD?
Change Component Designator: Old Designator=VD8 New Designator=VD?
Change Component Designator: Old Designator=VT3 New Designator=VT?
Change Component Designator: Old Designator=VT4 New Designator=VT?
Change Component Designator: Old Designator=X1 New Designator=X?
Change Component Designator: Old Designator=XP11 New Designator=XP?
Change Component Designator: Old Designator=XP12 New Designator=XP?
Change Component Designator: Old Designator=XP13 New Designator=XP?
Change Component Designator: Old Designator=XP14 New Designator=XP?
Change Component Designator: Old Designator=XP15 New Designator=XP?
Change Component Designator: Old Designator=XP16 New Designator=XP?
Change Component Designator: Old Designator=XP17 New Designator=XP?
Change Component Designator: Old Designator=XP18 New Designator=XP?
Change Component Designator: Old Designator=XP19 New Designator=XP?
