Replace Part C? Cap+ in Sheet1.SchDoc with Cap+ from Pakage_lib.SchLib
Replace Part C? Cap in Sheet1.SchDoc with Cap from Pakage_lib.SchLib
Replace Part C? Cap in Sheet1.SchDoc with Cap from Pakage_lib.SchLib
Replace Part C? Cap in Sheet1.SchDoc with Cap from Pakage_lib.SchLib
Replace Part C? Cap in Sheet1.SchDoc with Cap from Pakage_lib.SchLib
Replace Part C? Cap in Sheet1.SchDoc with Cap from Pakage_lib.SchLib
Replace Part C? Cap in Sheet1.SchDoc with Cap from Pakage_lib.SchLib
Replace Part C? Cap in Sheet1.SchDoc with Cap from Pakage_lib.SchLib
Replace Part C? Cap in Sheet1.SchDoc with Cap from Pakage_lib.SchLib
Replace Part C? Cap in Sheet1.SchDoc with Cap from Pakage_lib.SchLib
Replace Part C? Cap in Sheet1.SchDoc with Cap from Pakage_lib.SchLib
Replace Part C? Cap in Sheet1.SchDoc with Cap from Pakage_lib.SchLib
Replace Part C? Cap in Sheet1.SchDoc with Cap from Pakage_lib.SchLib
Replace Part C? Cap in Sheet1.SchDoc with Cap from Pakage_lib.SchLib
Replace Part C? Cap in Sheet1.SchDoc with Cap from Pakage_lib.SchLib
Replace Part C? Cap in Sheet1.SchDoc with Cap from Pakage_lib.SchLib
Replace Part C? Cap in Sheet1.SchDoc with Cap from Pakage_lib.SchLib
Replace Part C? Cap in Sheet1.SchDoc with Cap from Pakage_lib.SchLib
Replace Part C? Cap in Sheet1.SchDoc with Cap from Pakage_lib.SchLib
Replace Part C? Cap in Sheet1.SchDoc with Cap from Pakage_lib.SchLib
Replace Part C? Cap in Sheet1.SchDoc with Cap from Pakage_lib.SchLib
Replace Part C? Cap in Sheet1.SchDoc with Cap from Pakage_lib.SchLib
Replace Part C? Cap in Sheet1.SchDoc with Cap from Pakage_lib.SchLib
Replace Part C? Cap in Sheet1.SchDoc with Cap from Pakage_lib.SchLib
Replace Part C? Cap in Sheet1.SchDoc with Cap from Pakage_lib.SchLib
Replace Part L? INDUCROR in Sheet1.SchDoc with INDUCROR from Pakage_lib.SchLib
Replace Part R? res in Sheet1.SchDoc with res from Pakage_lib.SchLib
Replace Part R? res in Sheet1.SchDoc with res from Pakage_lib.SchLib
Replace Part R? res in Sheet1.SchDoc with res from Pakage_lib.SchLib
Replace Part R? res in Sheet1.SchDoc with res from Pakage_lib.SchLib
Replace Part R? res in Sheet1.SchDoc with res from Pakage_lib.SchLib
Replace Part R? res in Sheet1.SchDoc with res from Pakage_lib.SchLib
Replace Part R? res in Sheet1.SchDoc with res from Pakage_lib.SchLib
Replace Part R? res in Sheet1.SchDoc with res from Pakage_lib.SchLib
Replace Part R? res in Sheet1.SchDoc with res from Pakage_lib.SchLib
Replace Part R? res in Sheet1.SchDoc with res from Pakage_lib.SchLib
Replace Part R? res in Sheet1.SchDoc with res from Pakage_lib.SchLib
Replace Part R? res in Sheet1.SchDoc with res from Pakage_lib.SchLib
Replace Part R? res in Sheet1.SchDoc with res from Pakage_lib.SchLib
Replace Part R? res in Sheet1.SchDoc with res from Pakage_lib.SchLib
Replace Part R? res in Sheet1.SchDoc with res from Pakage_lib.SchLib
Replace Part R? res in Sheet1.SchDoc with res from Pakage_lib.SchLib
Replace Part S? Key in Sheet1.SchDoc with Key from Pakage_lib.SchLib
Replace Part S? Key in Sheet1.SchDoc with Key from Pakage_lib.SchLib
Replace Part S? Key in Sheet1.SchDoc with Key from Pakage_lib.SchLib
Replace Part U? USB LC6 in Sheet1.SchDoc with USB LC6 from Pakage_lib.SchLib
Replace Part U? TP5100 in Sheet1.SchDoc with TP5100 from Pakage_lib.SchLib
Replace Part U? CH340C in Sheet1.SchDoc with CH340C from Pakage_lib.SchLib
Replace Part U? ESP32-WROOM-32E in Sheet1.SchDoc with ESP32-WROOM-32E from ESP32.SchLib
Replace Part U? AMS1117 in Sheet1.SchDoc with AMS1117 from Pakage_lib.SchLib
Replace Part U? AMS1117 in Sheet1.SchDoc with AMS1117 from Pakage_lib.SchLib
Replace Part VD? Led in Sheet1.SchDoc with Led from Pakage_lib.SchLib
Replace Part VD? Led in Sheet1.SchDoc with Led from Pakage_lib.SchLib
Replace Part VD? Led in Sheet1.SchDoc with Led from Pakage_lib.SchLib
Replace Part VD? Schottky diode in Sheet1.SchDoc with Schottky diode from Pakage_lib.SchLib
Replace Part VD? Led in Sheet1.SchDoc with Led from Pakage_lib.SchLib
Replace Part VD? Schottky diode in Sheet1.SchDoc with Schottky diode from Pakage_lib.SchLib
Replace Part VD? VD in Sheet1.SchDoc with VD from Pakage_lib.SchLib
Replace Part VT? npn in Sheet1.SchDoc with npn from Pakage_lib.SchLib
Replace Part VT? npn in Sheet1.SchDoc with npn from Pakage_lib.SchLib
Replace Part VT? MOSFET (N-Channel) in Sheet1.SchDoc with MOSFET (N-Channel) from Pakage_lib.SchLib
Replace Part X? 47346-0001 (Molex, Micro USB) in Sheet1.SchDoc with 47346-0001 (Molex, Micro USB) from ׀אחתול.SchLib
Replace Part XP? XT30PW-M in Sheet1.SchDoc with XT30PW-M from ׀אחתול.SchLib
Replace Part XP? PLS-2 in Sheet1.SchDoc with PLS-2 from ׀אחתול.SchLib
Replace Part XP? PLS-6 in Sheet1.SchDoc with PLS-6 from ׀אחתול.SchLib
Replace Part XP? PLS-6 in Sheet1.SchDoc with PLS-6 from ׀אחתול.SchLib
Replace Part XP? PLS-6 in Sheet1.SchDoc with PLS-6 from ׀אחתול.SchLib
Replace Part XP? PLS-6 in Sheet1.SchDoc with PLS-6 from ׀אחתול.SchLib
Replace Part XP? PLS-6 in Sheet1.SchDoc with PLS-6 from ׀אחתול.SchLib
