Replace Part C? Cap in D:\Documents\Diplom\RemoteFeeling\Sheet2.SchDoc with Cap from Pakage_lib.SchLib
Replace Part C? Cap in D:\Documents\Diplom\RemoteFeeling\Sheet2.SchDoc with Cap from Pakage_lib.SchLib
Replace Part C? Cap in D:\Documents\Diplom\RemoteFeeling\Sheet2.SchDoc with Cap from Pakage_lib.SchLib
Replace Part C? Cap in D:\Documents\Diplom\RemoteFeeling\Sheet2.SchDoc with Cap from Pakage_lib.SchLib
Replace Part C? Cap in D:\Documents\Diplom\RemoteFeeling\Sheet2.SchDoc with Cap from Pakage_lib.SchLib
Replace Part C? Cap+ in D:\Documents\Diplom\RemoteFeeling\Sheet2.SchDoc with Cap+ from Pakage_lib.SchLib
Replace Part C? Cap in D:\Documents\Diplom\RemoteFeeling\Sheet2.SchDoc with Cap from Pakage_lib.SchLib
Replace Part GB 1 LI-po in D:\Documents\Diplom\RemoteFeeling\Sheet2.SchDoc with LI-po from Pakage_lib.SchLib
Replace Part GB2 LI-po in D:\Documents\Diplom\RemoteFeeling\Sheet2.SchDoc with LI-po from Pakage_lib.SchLib
Replace Part L INDUCROR in D:\Documents\Diplom\RemoteFeeling\Sheet2.SchDoc with INDUCROR from Pakage_lib.SchLib
Replace Part R1 res in D:\Documents\Diplom\RemoteFeeling\Sheet2.SchDoc with res from Pakage_lib.SchLib
Replace Part R? res in D:\Documents\Diplom\RemoteFeeling\Sheet2.SchDoc with res from Pakage_lib.SchLib
Replace Part U1 TP5100 in D:\Documents\Diplom\RemoteFeeling\Sheet2.SchDoc with TP5100 from Pakage_lib.SchLib
Replace Part VD1 Schottky diode in D:\Documents\Diplom\RemoteFeeling\Sheet2.SchDoc with Schottky diode from Pakage_lib.SchLib
Replace Part VD? Led in D:\Documents\Diplom\RemoteFeeling\Sheet2.SchDoc with Led from Pakage_lib.SchLib
Replace Part VD? Led in D:\Documents\Diplom\RemoteFeeling\Sheet2.SchDoc with Led from Pakage_lib.SchLib
Replace Part XP1 XT30PW-M in D:\Documents\Diplom\RemoteFeeling\Sheet2.SchDoc with XT30PW-M from ׀אחתול.SchLib
Replace Part XP2 PLS-5 in D:\Documents\Diplom\RemoteFeeling\Sheet2.SchDoc with PLS-5 from ׀אחתול.SchLib
Replace Part XP3 6pin in D:\Documents\Diplom\RemoteFeeling\Sheet2.SchDoc with 6pin from ׀אחתול.SchLib
Replace Part XP4 PLD-12 in D:\Documents\Diplom\RemoteFeeling\Sheet2.SchDoc with PLD-12 from ׀אחתול.SchLib
Replace Part XP6 PLS-19x2(ESP32) in D:\Documents\Diplom\RemoteFeeling\Sheet2.SchDoc with PLS-19x2(ESP32) from ׀אחתול.SchLib
