Remove Pin=*-13 From Net=DTR
Remove Pin=*-14 From Net=RTS
Remove Pin=R?-1 From Net=RX
Remove Pin=R?-1 From Net=TX
Remove Pin=S?-1 From Net=SW_POWER
Remove Pin=S?-2 From Net=EN
Remove Pin=S?-2 From Net=IO0
Remove Pin=U1-0 From Net=BAT
Remove Pin=U1-0 From Net=LX
Remove Pin=U1-0 From Net=VS
Remove Pin=U2-3 From Net=EN
Remove Pin=U2-4 From Net=FF1
Remove Pin=U2-5 From Net=FF2
Remove Pin=U2-6 From Net=FF3
Remove Pin=U2-7 From Net=FF4
Remove Pin=U2-8 From Net=FF5
Remove Pin=U2-9 From Net=TM2
Remove Pin=U2-10 From Net=IM2
Remove Pin=U2-11 From Net=RE
Remove Pin=U2-12 From Net=ME
Remove Pin=U2-13 From Net=IE
Remove Pin=U2-14 From Net=TM1
Remove Pin=U2-16 From Net=TE
Remove Pin=U2-25 From Net=IO0
Remove Pin=U2-26 From Net=PE
Remove Pin=U2-27 From Net=PM1
Remove Pin=U2-28 From Net=PM2
Remove Pin=U2-30 From Net=MM1
Remove Pin=U2-31 From Net=MM2
Remove Pin=U2-33 From Net=RM1
Remove Pin=U2-36 From Net=RM2
Remove Pin=U2-37 From Net=IM1
Remove Pin=VD?-2 From Net=SW_POWER
Remove Pin=VD?-2 From Net=IO0
Remove Pin=VD?-2 From Net=IO27
Remove Pin=VT?-1 From Net=EN
Remove Pin=VT?-1 From Net=IO0
Remove Pin=XP2-1 From Net=FF1
Remove Pin=XP2-2 From Net=FF2
Remove Pin=XP2-3 From Net=FF3
Remove Pin=XP2-4 From Net=FF4
Remove Pin=XP2-5 From Net=FF5
Remove Pin=XP3-1 From Net=TE
Remove Pin=XP3-2 From Net=IE
Remove Pin=XP3-3 From Net=ME
Remove Pin=XP3-4 From Net=RE
Remove Pin=XP3-5 From Net=PE
Remove Pin=XP4-1 From Net=TM1
Remove Pin=XP4-2 From Net=TM2
Remove Pin=XP4-3 From Net=IM1
Remove Pin=XP4-4 From Net=IM2
Remove Pin=XP4-5 From Net=MM1
Remove Pin=XP4-6 From Net=MM2
Remove Pin=XP4-7 From Net=RM1
Remove Pin=XP4-8 From Net=RM2
Remove Pin=XP4-9 From Net=PM1
Remove Pin=XP4-10 From Net=PM2
Remove Pin=XP6-3 From Net=FF1
Remove Pin=XP6-4 From Net=FF2
Remove Pin=XP6-5 From Net=FF3
Remove Pin=XP6-6 From Net=FF4
Remove Pin=XP6-7 From Net=FF5
Remove Pin=XP6-8 From Net=TM1
Remove Pin=XP6-9 From Net=IM1
Remove Pin=XP6-10 From Net=RE
Remove Pin=XP6-11 From Net=ME
Remove Pin=XP6-12 From Net=IE
Remove Pin=XP6-13 From Net=TM2
Remove Pin=XP6-15 From Net=TE
Remove Pin=XP6-26 From Net=PE
Remove Pin=XP6-27 From Net=PM2
Remove Pin=XP6-28 From Net=PM1
Remove Pin=XP6-30 From Net=MM2
Remove Pin=XP6-31 From Net=MM1
Remove Pin=XP6-33 From Net=RM2
Remove Pin=XP6-36 From Net=RM1
Remove Pin=XP6-37 From Net=IM2
Remove Pin=XP?-3 From Net=IM1
Remove Pin=XP?-3 From Net=MM1
Remove Pin=XP?-3 From Net=PM1
Remove Pin=XP?-3 From Net=RM1
Remove Pin=XP?-3 From Net=TM1
Remove Pin=XP?-4 From Net=IM2
Remove Pin=XP?-4 From Net=MM2
Remove Pin=XP?-4 From Net=PM2
Remove Pin=XP?-4 From Net=RM2
Remove Pin=XP?-4 From Net=TM2
Remove Pin=XP?-5 From Net=IE
Remove Pin=XP?-5 From Net=ME
Remove Pin=XP?-5 From Net=PE
Remove Pin=XP?-5 From Net=RE
Remove Pin=XP?-5 From Net=TE
Change Component Footprint: Designator=X1 Old Footprint=microUSB-B New Footprint=47346-0001 (Molex, Micro USB)
