Replace Part C1 Cap in D:\Documents\Diplom\RemoteFeeling\Sheet4.SchDoc with Cap from Pakage_lib.SchLib
Replace Part C2 Cap in D:\Documents\Diplom\RemoteFeeling\Sheet4.SchDoc with Cap from Pakage_lib.SchLib
Replace Part C3 Cap in D:\Documents\Diplom\RemoteFeeling\Sheet4.SchDoc with Cap from Pakage_lib.SchLib
Replace Part C4 Cap in D:\Documents\Diplom\RemoteFeeling\Sheet4.SchDoc with Cap from Pakage_lib.SchLib
Replace Part C5 Cap in D:\Documents\Diplom\RemoteFeeling\Sheet4.SchDoc with Cap from Pakage_lib.SchLib
Replace Part C6 Cap in D:\Documents\Diplom\RemoteFeeling\Sheet4.SchDoc with Cap from Pakage_lib.SchLib
Replace Part C7 Cap+ in D:\Documents\Diplom\RemoteFeeling\Sheet4.SchDoc with Cap+ from Pakage_lib.SchLib
Replace Part C8 Cap in D:\Documents\Diplom\RemoteFeeling\Sheet4.SchDoc with Cap from Pakage_lib.SchLib
Replace Part C9 Cap in D:\Documents\Diplom\RemoteFeeling\Sheet4.SchDoc with Cap from Pakage_lib.SchLib
Replace Part C10 Cap in D:\Documents\Diplom\RemoteFeeling\Sheet4.SchDoc with Cap from Pakage_lib.SchLib
Replace Part C11 Cap in D:\Documents\Diplom\RemoteFeeling\Sheet4.SchDoc with Cap from Pakage_lib.SchLib
Replace Part C12 Cap in D:\Documents\Diplom\RemoteFeeling\Sheet4.SchDoc with Cap from Pakage_lib.SchLib
Replace Part C13 Cap in D:\Documents\Diplom\RemoteFeeling\Sheet4.SchDoc with Cap from Pakage_lib.SchLib
Replace Part C14* Cap in D:\Documents\Diplom\RemoteFeeling\Sheet4.SchDoc with Cap from Pakage_lib.SchLib
Replace Part C15* Cap in D:\Documents\Diplom\RemoteFeeling\Sheet4.SchDoc with Cap from Pakage_lib.SchLib
Replace Part C16* Cap in D:\Documents\Diplom\RemoteFeeling\Sheet4.SchDoc with Cap from Pakage_lib.SchLib
Replace Part C17* Cap in D:\Documents\Diplom\RemoteFeeling\Sheet4.SchDoc with Cap from Pakage_lib.SchLib
Replace Part C18* Cap in D:\Documents\Diplom\RemoteFeeling\Sheet4.SchDoc with Cap from Pakage_lib.SchLib
Replace Part C19 Cap in D:\Documents\Diplom\RemoteFeeling\Sheet4.SchDoc with Cap from Pakage_lib.SchLib
Replace Part C20 Cap in D:\Documents\Diplom\RemoteFeeling\Sheet4.SchDoc with Cap from Pakage_lib.SchLib
Replace Part C21* Cap in D:\Documents\Diplom\RemoteFeeling\Sheet4.SchDoc with Cap from Pakage_lib.SchLib
Replace Part C22* Cap in D:\Documents\Diplom\RemoteFeeling\Sheet4.SchDoc with Cap from Pakage_lib.SchLib
Replace Part C23* Cap in D:\Documents\Diplom\RemoteFeeling\Sheet4.SchDoc with Cap from Pakage_lib.SchLib
Replace Part C24* Cap in D:\Documents\Diplom\RemoteFeeling\Sheet4.SchDoc with Cap from Pakage_lib.SchLib
Replace Part C25* Cap in D:\Documents\Diplom\RemoteFeeling\Sheet4.SchDoc with Cap from Pakage_lib.SchLib
Replace Part L1 INDUCROR in D:\Documents\Diplom\RemoteFeeling\Sheet4.SchDoc with INDUCROR from Pakage_lib.SchLib
Replace Part R1 res in D:\Documents\Diplom\RemoteFeeling\Sheet4.SchDoc with res from Pakage_lib.SchLib
Replace Part R2 res in D:\Documents\Diplom\RemoteFeeling\Sheet4.SchDoc with res from Pakage_lib.SchLib
Replace Part R3 res in D:\Documents\Diplom\RemoteFeeling\Sheet4.SchDoc with res from Pakage_lib.SchLib
Replace Part R4 res in D:\Documents\Diplom\RemoteFeeling\Sheet4.SchDoc with res from Pakage_lib.SchLib
Replace Part R5 res in D:\Documents\Diplom\RemoteFeeling\Sheet4.SchDoc with res from Pakage_lib.SchLib
Replace Part R6 res in D:\Documents\Diplom\RemoteFeeling\Sheet4.SchDoc with res from Pakage_lib.SchLib
Replace Part R7 res in D:\Documents\Diplom\RemoteFeeling\Sheet4.SchDoc with res from Pakage_lib.SchLib
Replace Part R8 res in D:\Documents\Diplom\RemoteFeeling\Sheet4.SchDoc with res from Pakage_lib.SchLib
Replace Part R9 res in D:\Documents\Diplom\RemoteFeeling\Sheet4.SchDoc with res from Pakage_lib.SchLib
Replace Part R10 res in D:\Documents\Diplom\RemoteFeeling\Sheet4.SchDoc with res from Pakage_lib.SchLib
Replace Part R11 res in D:\Documents\Diplom\RemoteFeeling\Sheet4.SchDoc with res from Pakage_lib.SchLib
Replace Part R12 res in D:\Documents\Diplom\RemoteFeeling\Sheet4.SchDoc with res from Pakage_lib.SchLib
Replace Part R13 res in D:\Documents\Diplom\RemoteFeeling\Sheet4.SchDoc with res from Pakage_lib.SchLib
Replace Part R14 res in D:\Documents\Diplom\RemoteFeeling\Sheet4.SchDoc with res from Pakage_lib.SchLib
Replace Part R15 res in D:\Documents\Diplom\RemoteFeeling\Sheet4.SchDoc with res from Pakage_lib.SchLib
Replace Part R16 res in D:\Documents\Diplom\RemoteFeeling\Sheet4.SchDoc with res from Pakage_lib.SchLib
Replace Part S1 Key in D:\Documents\Diplom\RemoteFeeling\Sheet4.SchDoc with Key from Pakage_lib.SchLib
Replace Part S2 Key in D:\Documents\Diplom\RemoteFeeling\Sheet4.SchDoc with Key from Pakage_lib.SchLib
Replace Part S3 Key in D:\Documents\Diplom\RemoteFeeling\Sheet4.SchDoc with Key from Pakage_lib.SchLib
Replace Part U1 ESP32-WROOM-32E in D:\Documents\Diplom\RemoteFeeling\Sheet4.SchDoc with ESP32-WROOM-32E from ESP32.SchLib
Replace Part U2 USB LC6 in D:\Documents\Diplom\RemoteFeeling\Sheet4.SchDoc with USB LC6 from Pakage_lib.SchLib
Replace Part U3 CH340C in D:\Documents\Diplom\RemoteFeeling\Sheet4.SchDoc with CH340C from Pakage_lib.SchLib
Replace Part U4 AMS1117 in D:\Documents\Diplom\RemoteFeeling\Sheet4.SchDoc with AMS1117 from Pakage_lib.SchLib
Replace Part U5 TP5100 in D:\Documents\Diplom\RemoteFeeling\Sheet4.SchDoc with TP5100 from Pakage_lib.SchLib
Replace Part U6 AMS1117 in D:\Documents\Diplom\RemoteFeeling\Sheet4.SchDoc with AMS1117 from Pakage_lib.SchLib
Replace Part VD1 VD in D:\Documents\Diplom\RemoteFeeling\Sheet4.SchDoc with VD from Pakage_lib.SchLib
Replace Part VD2 Led in D:\Documents\Diplom\RemoteFeeling\Sheet4.SchDoc with Led from Pakage_lib.SchLib
Replace Part VD3 Schottky diode in D:\Documents\Diplom\RemoteFeeling\Sheet4.SchDoc with Schottky diode from Pakage_lib.SchLib
Replace Part VD4 Led in D:\Documents\Diplom\RemoteFeeling\Sheet4.SchDoc with Led from Pakage_lib.SchLib
Replace Part VD5 Led in D:\Documents\Diplom\RemoteFeeling\Sheet4.SchDoc with Led from Pakage_lib.SchLib
Replace Part VD6 Schottky diode in D:\Documents\Diplom\RemoteFeeling\Sheet4.SchDoc with Schottky diode from Pakage_lib.SchLib
Replace Part VD7 Led in D:\Documents\Diplom\RemoteFeeling\Sheet4.SchDoc with Led from Pakage_lib.SchLib
Replace Part VT1 npn in D:\Documents\Diplom\RemoteFeeling\Sheet4.SchDoc with npn from Pakage_lib.SchLib
Replace Part VT2 MOSFET (N-Channel) in D:\Documents\Diplom\RemoteFeeling\Sheet4.SchDoc with MOSFET (N-Channel) from Pakage_lib.SchLib
Replace Part VT3 npn in D:\Documents\Diplom\RemoteFeeling\Sheet4.SchDoc with npn from Pakage_lib.SchLib
Replace Part X1 47346-0001 (Molex, Micro USB) in D:\Documents\Diplom\RemoteFeeling\Sheet4.SchDoc with 47346-0001 (Molex, Micro USB) from ׀אחתול.SchLib
Replace Part XP1 PLS-6 in D:\Documents\Diplom\RemoteFeeling\Sheet4.SchDoc with PLS-6 from ׀אחתול.SchLib
Replace Part XP2 PLS-2 in D:\Documents\Diplom\RemoteFeeling\Sheet4.SchDoc with PLS-2 from ׀אחתול.SchLib
Replace Part XP3 PLS-6 in D:\Documents\Diplom\RemoteFeeling\Sheet4.SchDoc with PLS-6 from ׀אחתול.SchLib
Replace Part XP4 PLS-6 in D:\Documents\Diplom\RemoteFeeling\Sheet4.SchDoc with PLS-6 from ׀אחתול.SchLib
Replace Part XP5 PLS-6 in D:\Documents\Diplom\RemoteFeeling\Sheet4.SchDoc with PLS-6 from ׀אחתול.SchLib
Replace Part XP6 PLS-6 in D:\Documents\Diplom\RemoteFeeling\Sheet4.SchDoc with PLS-6 from ׀אחתול.SchLib
Replace Part XP8 XT30PW-M in D:\Documents\Diplom\RemoteFeeling\Sheet4.SchDoc with XT30PW-M from ׀אחתול.SchLib
