Replace Part * 6pin in F:\Documents\Diplom\RemoteFeeling\׀אחתול.SchLib with 6pin from ׀אחתול.SchLib
Replace Part X? 8P8C (10Base-T, 100Base-TX) in F:\Documents\Diplom\RemoteFeeling\׀אחתול.SchLib with 8P8C (10Base-T, 100Base-TX) from ׀אחתול.SchLib
Replace Part X? 8P8C (1000Base-T) in F:\Documents\Diplom\RemoteFeeling\׀אחתול.SchLib with 8P8C (1000Base-T) from ׀אחתול.SchLib
Replace Part X? 47346-0001 (Molex, Micro USB) in F:\Documents\Diplom\RemoteFeeling\׀אחתול.SchLib with 47346-0001 (Molex, Micro USB) from ׀אחתול.SchLib
Replace Part X? 502790-4091 (Molex) in F:\Documents\Diplom\RemoteFeeling\׀אחתול.SchLib with 502790-4091 (Molex) from ׀אחתול.SchLib
Replace Part X? 503776-6010 (Molex) in F:\Documents\Diplom\RemoteFeeling\׀אחתול.SchLib with 503776-6010 (Molex) from ׀אחתול.SchLib
Replace Part XP? BH-40 in F:\Documents\Diplom\RemoteFeeling\׀אחתול.SchLib with BH-40 from ׀אחתול.SchLib
Replace Part XP? CI1102M1V in F:\Documents\Diplom\RemoteFeeling\׀אחתול.SchLib with CI1102M1V from ׀אחתול.SchLib
Replace Part XP? CI1103M1V in F:\Documents\Diplom\RemoteFeeling\׀אחתול.SchLib with CI1103M1V from ׀אחתול.SchLib
Replace Part XP? CI1104M1V in F:\Documents\Diplom\RemoteFeeling\׀אחתול.SchLib with CI1104M1V from ׀אחתול.SchLib
Replace Part XP? CI1105M1V in F:\Documents\Diplom\RemoteFeeling\׀אחתול.SchLib with CI1105M1V from ׀אחתול.SchLib
Replace Part XP? CI1106M1V in F:\Documents\Diplom\RemoteFeeling\׀אחתול.SchLib with CI1106M1V from ׀אחתול.SchLib
Replace Part XP? CI1108M1V in F:\Documents\Diplom\RemoteFeeling\׀אחתול.SchLib with CI1108M1V from ׀אחתול.SchLib
Replace Part XP? CI1110M1V in F:\Documents\Diplom\RemoteFeeling\׀אחתול.SchLib with CI1110M1V from ׀אחתול.SchLib
Replace Part XP? CI1112M1V in F:\Documents\Diplom\RemoteFeeling\׀אחתול.SchLib with CI1112M1V from ׀אחתול.SchLib
Replace Part XP? CI1115M1V in F:\Documents\Diplom\RemoteFeeling\׀אחתול.SchLib with CI1115M1V from ׀אחתול.SchLib
Replace Part * DJK-02B(DS-261) in F:\Documents\Diplom\RemoteFeeling\׀אחתול.SchLib with DJK-02B(DS-261) from ׀אחתול.SchLib
Replace Part XS? DS1095-05 in F:\Documents\Diplom\RemoteFeeling\׀אחתול.SchLib with DS1095-05 from ׀אחתול.SchLib
Replace Part X? DS1095-10 in F:\Documents\Diplom\RemoteFeeling\׀אחתול.SchLib with DS1095-10 from ׀אחתול.SchLib
Replace Part XS? DS1099-02 in F:\Documents\Diplom\RemoteFeeling\׀אחתול.SchLib with DS1099-02 from ׀אחתול.SchLib
Replace Part X? HDMI Type A (Standard) in F:\Documents\Diplom\RemoteFeeling\׀אחתול.SchLib with HDMI Type A (Standard) from ׀אחתול.SchLib
Replace Part X? HDMI Type C (Mini) in F:\Documents\Diplom\RemoteFeeling\׀אחתול.SchLib with HDMI Type C (Mini) from ׀אחתול.SchLib
Replace Part X? HDMI Type D (Micro) in F:\Documents\Diplom\RemoteFeeling\׀אחתול.SchLib with HDMI Type D (Micro) from ׀אחתול.SchLib
Replace Part XP? M80-8541242 in F:\Documents\Diplom\RemoteFeeling\׀אחתול.SchLib with M80-8541242 from ׀אחתול.SchLib
Replace Part XP? M80-8542642 in F:\Documents\Diplom\RemoteFeeling\׀אחתול.SchLib with M80-8542642 from ׀אחתול.SchLib
Replace Part X? M.2 נאחתול ס ךכ‏קמל B in F:\Documents\Diplom\RemoteFeeling\׀אחתול.SchLib with M.2 נאחתול ס ךכ‏קמל B from ׀אחתול.SchLib
Replace Part X? M.2 נאחתול ס ךכ‏קמל M in F:\Documents\Diplom\RemoteFeeling\׀אחתול.SchLib with M.2 נאחתול ס ךכ‏קמל M from ׀אחתול.SchLib
Replace Part X? MOLEX 47155-4001 in F:\Documents\Diplom\RemoteFeeling\׀אחתול.SchLib with MOLEX 47155-4001 from ׀אחתול.SchLib
Replace Part XP? PLD2-12 in F:\Documents\Diplom\RemoteFeeling\׀אחתול.SchLib with PLD2-12 from ׀אחתול.SchLib
Replace Part XP? PLD2-14 (Xilinx Jtag) in F:\Documents\Diplom\RemoteFeeling\׀אחתול.SchLib with PLD2-14 (Xilinx Jtag) from ׀אחתול.SchLib
Replace Part XP? PLD-2 in F:\Documents\Diplom\RemoteFeeling\׀אחתול.SchLib with PLD-2 from ׀אחתול.SchLib
Replace Part XP? PLD-10 in F:\Documents\Diplom\RemoteFeeling\׀אחתול.SchLib with PLD-10 from ׀אחתול.SchLib
Replace Part XP? PLD-10 (USB-Blaster/AS-mode) in F:\Documents\Diplom\RemoteFeeling\׀אחתול.SchLib with PLD-10 (USB-Blaster/AS-mode) from ׀אחתול.SchLib
Replace Part XP? PLD-10 (USB-Blaster/JTAG-mode) in F:\Documents\Diplom\RemoteFeeling\׀אחתול.SchLib with PLD-10 (USB-Blaster/JTAG-mode) from ׀אחתול.SchLib
Replace Part XP? PLD-10 (USB-Blaster/PS-mode) in F:\Documents\Diplom\RemoteFeeling\׀אחתול.SchLib with PLD-10 (USB-Blaster/PS-mode) from ׀אחתול.SchLib
Replace Part XP? PLD-12 in F:\Documents\Diplom\RemoteFeeling\׀אחתול.SchLib with PLD-12 from ׀אחתול.SchLib
Replace Part XP? PLL1.27-6 in F:\Documents\Diplom\RemoteFeeling\׀אחתול.SchLib with PLL1.27-6 from ׀אחתול.SchLib
Replace Part XP? PLS2-6 in F:\Documents\Diplom\RemoteFeeling\׀אחתול.SchLib with PLS2-6 from ׀אחתול.SchLib
Replace Part XP? PLS-1 in F:\Documents\Diplom\RemoteFeeling\׀אחתול.SchLib with PLS-1 from ׀אחתול.SchLib
Replace Part XP? PLS-2 in F:\Documents\Diplom\RemoteFeeling\׀אחתול.SchLib with PLS-2 from ׀אחתול.SchLib
Replace Part XP? PLS-3 in F:\Documents\Diplom\RemoteFeeling\׀אחתול.SchLib with PLS-3 from ׀אחתול.SchLib
Replace Part XP? PLS-4 in F:\Documents\Diplom\RemoteFeeling\׀אחתול.SchLib with PLS-4 from ׀אחתול.SchLib
Replace Part XP? PLS-5 in F:\Documents\Diplom\RemoteFeeling\׀אחתול.SchLib with PLS-5 from ׀אחתול.SchLib
Replace Part XP? PLS-6 in F:\Documents\Diplom\RemoteFeeling\׀אחתול.SchLib with PLS-6 from ׀אחתול.SchLib
Replace Part XP? PLS-7 in F:\Documents\Diplom\RemoteFeeling\׀אחתול.SchLib with PLS-7 from ׀אחתול.SchLib
Replace Part X? PLS-19x2(ESP32) in F:\Documents\Diplom\RemoteFeeling\׀אחתול.SchLib with PLS-19x2(ESP32) from ׀אחתול.SchLib
Replace Part X? SS4-30-3.00-L-D in F:\Documents\Diplom\RemoteFeeling\׀אחתול.SchLib with SS4-30-3.00-L-D from ׀אחתול.SchLib
Replace Part XP? Type-C in F:\Documents\Diplom\RemoteFeeling\׀אחתול.SchLib with Type-C from ׀אחתול.SchLib
Replace Part XP? XT30PW-M in F:\Documents\Diplom\RemoteFeeling\׀אחתול.SchLib with XT30PW-M from ׀אחתול.SchLib
